[2023-06-19 11:25:19,199] - [org.hibernate.validator.internal.util.Version] [<clinit>] -> (INFO) [HV000001: Hibernate Validator 6.2.5.Final] 
[2023-06-19 11:25:19,425] - [com.hcl.elch.freshersuperchargers.trainingworkflow.TrainingWorkflowApplication] [logStarting] -> (INFO) [Starting TrainingWorkflowApplication using Java 17.0.6 on asusvivobook with PID 5488 (D:\Tausif\Desktop\FreshSuperChargers-Aswini-Avula\FreshSuperChargers-Aswini-Avula\target\classes started by Tausif in D:\Tausif\Desktop\FreshSuperChargers-Aswini-Avula\FreshSuperChargers-Aswini-Avula)] 
[2023-06-19 11:25:19,436] - [com.hcl.elch.freshersuperchargers.trainingworkflow.TrainingWorkflowApplication] [logStartupProfileInfo] -> (INFO) [No active profile set, falling back to 1 default profile: "default"] 
[2023-06-19 11:25:19,732] - [org.springframework.boot.devtools.restart.ChangeableUrls] [logTo] -> (INFO) [The Class-Path manifest attribute in C:\Users\Tausif\.m2\repository\org\glassfish\hk2\hk2\2.6.1\hk2-2.6.1.jar referenced one or more files that do not exist: file:/C:/Users/Tausif/.m2/repository/org/glassfish/hk2/hk2/2.6.1/hk2-utils.jar,file:/C:/Users/Tausif/.m2/repository/org/glassfish/hk2/hk2/2.6.1/jakarta.annotation-api.jar,file:/C:/Users/Tausif/.m2/repository/org/glassfish/hk2/hk2/2.6.1/jakarta.inject.jar,file:/C:/Users/Tausif/.m2/repository/org/glassfish/hk2/hk2/2.6.1/hk2-api.jar,file:/C:/Users/Tausif/.m2/repository/org/glassfish/hk2/hk2/2.6.1/aopalliance-repackaged.jar,file:/C:/Users/Tausif/.m2/repository/org/glassfish/hk2/hk2/2.6.1/hk2-core.jar,file:/C:/Users/Tausif/.m2/repository/org/glassfish/hk2/hk2/2.6.1/hk2-locator.jar,file:/C:/Users/Tausif/.m2/repository/org/glassfish/hk2/hk2/2.6.1/javassist.jar,file:/C:/Users/Tausif/.m2/repository/org/glassfish/hk2/hk2/2.6.1/hk2-runlevel.jar,file:/C:/Users/Tausif/.m2/repository/org/glassfish/hk2/hk2/2.6.1/class-model.jar,file:/C:/Users/Tausif/.m2/repository/org/glassfish/hk2/hk2/2.6.1/asm.jar,file:/C:/Users/Tausif/.m2/repository/org/glassfish/hk2/hk2/2.6.1/asm-analysis.jar,file:/C:/Users/Tausif/.m2/repository/org/glassfish/hk2/hk2/2.6.1/asm-commons.jar,file:/C:/Users/Tausif/.m2/repository/org/glassfish/hk2/hk2/2.6.1/asm-tree.jar,file:/C:/Users/Tausif/.m2/repository/org/glassfish/hk2/hk2/2.6.1/asm-util.jar] 
[2023-06-19 11:25:19,733] - [org.springframework.boot.devtools.env.DevToolsPropertyDefaultsPostProcessor] [logTo] -> (INFO) [Devtools property defaults active! Set 'spring.devtools.add-properties' to 'false' to disable] 
[2023-06-19 11:25:19,734] - [org.springframework.boot.devtools.env.DevToolsPropertyDefaultsPostProcessor] [logTo] -> (INFO) [For additional web related logging consider setting the 'logging.level.web' property to 'DEBUG'] 
[2023-06-19 11:25:23,242] - [org.springframework.data.repository.config.RepositoryConfigurationDelegate] [registerRepositoriesIn] -> (INFO) [Bootstrapping Spring Data JPA repositories in DEFAULT mode.] 
[2023-06-19 11:25:23,468] - [org.springframework.data.repository.config.RepositoryConfigurationDelegate] [registerRepositoriesIn] -> (INFO) [Finished Spring Data repository scanning in 190 ms. Found 5 JPA repository interfaces.] 
[2023-06-19 11:25:28,886] - [org.springframework.boot.web.embedded.tomcat.TomcatWebServer] [initialize] -> (INFO) [Tomcat initialized with port(s): 9002 (http)] 
[2023-06-19 11:25:28,952] - [org.apache.coyote.http11.Http11NioProtocol] [log] -> (INFO) [Initializing ProtocolHandler ["http-nio-9002"]] 
[2023-06-19 11:25:28,955] - [org.apache.catalina.core.StandardService] [log] -> (INFO) [Starting service [Tomcat]] 
[2023-06-19 11:25:28,957] - [org.apache.catalina.core.StandardEngine] [log] -> (INFO) [Starting Servlet engine: [Apache Tomcat/9.0.65]] 
[2023-06-19 11:25:29,869] - [org.apache.catalina.core.ContainerBase.[Tomcat].[localhost].[/]] [log] -> (INFO) [Initializing Spring embedded WebApplicationContext] 
[2023-06-19 11:25:29,871] - [org.springframework.boot.web.servlet.context.ServletWebServerApplicationContext] [prepareWebApplicationContext] -> (INFO) [Root WebApplicationContext: initialization completed in 10135 ms] 
[2023-06-19 11:25:29,942] - [org.camunda.bpm.spring.boot.starter.rest.CamundaJerseyResourceConfig] [registerCamundaRestResources] -> (INFO) [Configuring camunda rest api.] 
[2023-06-19 11:25:30,089] - [org.camunda.bpm.spring.boot.starter.rest.CamundaJerseyResourceConfig] [registerCamundaRestResources] -> (INFO) [Finished configuring camunda rest api.] 
[2023-06-19 11:25:31,691] - [org.hibernate.jpa.internal.util.LogHelper] [logPersistenceUnitInformation] -> (INFO) [HHH000204: Processing PersistenceUnitInfo [name: default]] 
[2023-06-19 11:25:31,958] - [org.hibernate.Version] [logVersion] -> (INFO) [HHH000412: Hibernate ORM core version 5.6.11.Final] 
[2023-06-19 11:25:32,489] - [org.hibernate.annotations.common.Version] [<clinit>] -> (INFO) [HCANN000001: Hibernate Commons Annotations {5.1.2.Final}] 
[2023-06-19 11:25:32,825] - [com.zaxxer.hikari.HikariDataSource] [getConnection] -> (INFO) [HikariPool-1 - Starting...] 
[2023-06-19 11:25:34,140] - [com.zaxxer.hikari.HikariDataSource] [getConnection] -> (INFO) [HikariPool-1 - Start completed.] 
[2023-06-19 11:25:34,190] - [org.hibernate.dialect.Dialect] [<init>] -> (INFO) [HHH000400: Using dialect: org.hibernate.dialect.MySQL5InnoDBDialect] 
[2023-06-19 11:25:36,671] - [org.hibernate.engine.transaction.jta.platform.internal.JtaPlatformInitiator] [initiateService] -> (INFO) [HHH000490: Using JtaPlatform implementation: [org.hibernate.engine.transaction.jta.platform.internal.NoJtaPlatform]] 
[2023-06-19 11:25:36,710] - [org.springframework.orm.jpa.LocalContainerEntityManagerFactoryBean] [buildNativeEntityManagerFactory] -> (INFO) [Initialized JPA EntityManagerFactory for persistence unit 'default'] 
[2023-06-19 11:25:37,016] - [org.camunda.bpm.spring.boot] [logInfo] -> (INFO) [STARTER-SB040 Setting up jobExecutor with corePoolSize=3, maxPoolSize:10] 
[2023-06-19 11:25:37,257] - [org.camunda.bpm.engine.cfg] [logInfo] -> (INFO) [ENGINE-12003 Plugin 'CompositeProcessEnginePlugin[genericPropertiesConfiguration, camundaProcessEngineConfiguration, camundaDatasourceConfiguration, camundaJpaConfiguration, camundaJobConfiguration, camundaHistoryConfiguration, camundaMetricsConfiguration, camundaAuthorizationConfiguration, CreateAdminUserConfiguration[adminUser=AdminUserProperty[id=Test, firstName=Test, lastName=Test, email=Test@localhost, password=******]], failedJobConfiguration, CreateFilterConfiguration[filterName=All tasks], disableDeploymentResourcePattern, eventPublisherPlugin, ApplicationContextClassloaderSwitchPlugin, SpringBootSpinProcessEnginePlugin]' activated on process engine 'default'] 
[2023-06-19 11:25:37,271] - [org.camunda.bpm.spring.boot] [logInfo] -> (INFO) [STARTER-SB020 ProcessApplication enabled: autoDeployment via springConfiguration#deploymentResourcePattern is disabled] 
[2023-06-19 11:25:37,273] - [org.camunda.bpm.spring.boot.starter.event.EventPublisherPlugin] [preInit] -> (INFO) [EVENTING-001: Initialized Camunda Spring Boot Eventing Engine Plugin.] 
[2023-06-19 11:25:37,273] - [org.camunda.bpm.spring.boot.starter.event.EventPublisherPlugin] [preInit] -> (INFO) [EVENTING-003: Task events will be published as Spring Events.] 
[2023-06-19 11:25:37,274] - [org.camunda.bpm.spring.boot.starter.event.EventPublisherPlugin] [preInit] -> (INFO) [EVENTING-005: Execution events will be published as Spring Events.] 
[2023-06-19 11:25:37,281] - [org.camunda.bpm.spring.boot.starter.event.EventPublisherPlugin] [preInit] -> (INFO) [EVENTING-007: History events will be published as Spring events.] 
[2023-06-19 11:25:37,301] - [org.camunda.spin] [logInfo] -> (INFO) [SPIN-01010 Discovered Spin data format provider: org.camunda.spin.impl.json.jackson.format.JacksonJsonDataFormatProvider[name = application/json]] 
[2023-06-19 11:25:37,716] - [org.camunda.spin] [logInfo] -> (INFO) [SPIN-01010 Discovered Spin data format provider: org.camunda.spin.impl.xml.dom.format.DomXmlDataFormatProvider[name = application/xml]] 
[2023-06-19 11:25:37,959] - [org.camunda.spin] [logInfo] -> (INFO) [SPIN-01009 Discovered Spin data format: org.camunda.spin.impl.xml.dom.format.DomXmlDataFormat[name = application/xml]] 
[2023-06-19 11:25:37,962] - [org.camunda.spin] [logInfo] -> (INFO) [SPIN-01009 Discovered Spin data format: org.camunda.spin.impl.json.jackson.format.JacksonJsonDataFormat[name = application/json]] 
[2023-06-19 11:25:38,416] - [org.camunda.bpm.dmn.feel.scala] [logInfo] -> (INFO) [FEEL/SCALA-01001 Spin value mapper detected] 
[2023-06-19 11:25:38,594] - [org.camunda.feel.FeelEngine] [<init>] -> (INFO) [Engine created. [value-mapper: CompositeValueMapper(List(org.camunda.feel.impl.JavaValueMapper@8635f67, org.camunda.spin.plugin.impl.feel.integration.SpinValueMapper@683bf5e3)), function-provider: org.camunda.bpm.dmn.feel.impl.scala.function.CustomFunctionTransformer@7debe942, clock: SystemClock, configuration: Configuration(false)]] 
[2023-06-19 11:25:48,999] - [org.camunda.bpm.connect] [logInfo] -> (INFO) [CNCT-01004 Discovered provider for connector id 'http-connector' and class 'org.camunda.connect.httpclient.impl.HttpConnectorImpl': 'org.camunda.connect.httpclient.impl.HttpConnectorProviderImpl'] 
[2023-06-19 11:25:49,007] - [org.camunda.bpm.connect] [logInfo] -> (INFO) [CNCT-01004 Discovered provider for connector id 'soap-http-connector' and class 'org.camunda.connect.httpclient.soap.impl.SoapHttpConnectorImpl': 'org.camunda.connect.httpclient.soap.impl.SoapHttpConnectorProviderImpl'] 
[2023-06-19 11:25:55,363] - [org.camunda.bpm.engine.persistence] [logInfo] -> (INFO) [ENGINE-03016 Performing database operation 'create' on component 'engine' with resource 'org/camunda/bpm/engine/db/create/activiti.mysql.create.engine.sql'] 
[2023-06-19 11:25:58,948] - [org.camunda.bpm.engine.persistence] [logInfo] -> (INFO) [ENGINE-03016 Performing database operation 'create' on component 'history' with resource 'org/camunda/bpm/engine/db/create/activiti.mysql.create.history.sql'] 
[2023-06-19 11:25:59,345] - [org.camunda.bpm.engine.persistence] [logInfo] -> (INFO) [ENGINE-03016 Performing database operation 'create' on component 'identity' with resource 'org/camunda/bpm/engine/db/create/activiti.mysql.create.identity.sql'] 
[2023-06-19 11:26:00,338] - [org.camunda.bpm.engine.persistence] [logInfo] -> (INFO) [ENGINE-03016 Performing database operation 'create' on component 'case.engine' with resource 'org/camunda/bpm/engine/db/create/activiti.mysql.create.case.engine.sql'] 
[2023-06-19 11:26:00,570] - [org.camunda.bpm.engine.persistence] [logInfo] -> (INFO) [ENGINE-03016 Performing database operation 'create' on component 'case.history' with resource 'org/camunda/bpm/engine/db/create/activiti.mysql.create.case.history.sql'] 
[2023-06-19 11:26:00,741] - [org.camunda.bpm.engine.persistence] [logInfo] -> (INFO) [ENGINE-03016 Performing database operation 'create' on component 'decision.engine' with resource 'org/camunda/bpm/engine/db/create/activiti.mysql.create.decision.engine.sql'] 
[2023-06-19 11:26:01,591] - [org.camunda.bpm.engine.persistence] [logInfo] -> (INFO) [ENGINE-03016 Performing database operation 'create' on component 'decision.history' with resource 'org/camunda/bpm/engine/db/create/activiti.mysql.create.decision.history.sql'] 
[2023-06-19 11:26:01,680] - [org.camunda.bpm.engine.persistence] [logInfo] -> (INFO) [ENGINE-03067 No history level property found in database] 
[2023-06-19 11:26:01,681] - [org.camunda.bpm.engine.persistence] [logInfo] -> (INFO) [ENGINE-03065 Creating historyLevel property in database for level: HistoryLevelFull(name=full, id=3)] 
[2023-06-19 11:26:01,802] - [org.camunda.bpm.engine] [logInfo] -> (INFO) [ENGINE-00001 Process Engine default created.] 
[2023-06-19 11:26:02,246] - [org.camunda.bpm.spring.boot] [logInfo] -> (INFO) [STARTER-SB010 Creating initial Admin User: AdminUserProperty[id=Test, firstName=Test, lastName=Test, email=Test@localhost, password=******]] 
[2023-06-19 11:26:02,394] - [org.camunda.bpm.spring.boot] [logInfo] -> (INFO) [STARTER-SB015 Create initial filter: id=f8ce4f08-0e65-11ee-be83-809133675f5b name=All tasks] 
[2023-06-19 11:26:02,986] - [org.drools.compiler.kie.builder.impl.KieBuilderImpl] [packageNameForFile] -> (WARN) [File 'rules/tasks.drl' is in folder 'rules' but declares package 'com.foobat'. It is advised to have a correspondance between package and folder names.] 
[2023-06-19 11:26:05,690] - [org.springframework.boot.autoconfigure.orm.jpa.JpaBaseConfiguration$JpaWebConfiguration] [openEntityManagerInViewInterceptor] -> (WARN) [spring.jpa.open-in-view is enabled by default. Therefore, database queries may be performed during view rendering. Explicitly configure spring.jpa.open-in-view to disable this warning] 
[2023-06-19 11:26:06,667] - [org.camunda.bpm.spring.boot.starter.webapp.filter.LazyInitRegistration] [lazyInit] -> (INFO) [lazy initialized org.camunda.bpm.spring.boot.starter.webapp.filter.LazySecurityFilter@261ad35] 
[2023-06-19 11:26:06,669] - [org.camunda.bpm.spring.boot.starter.webapp.filter.LazyInitRegistration] [lazyInit] -> (INFO) [lazy initialized org.camunda.bpm.spring.boot.starter.webapp.filter.LazyProcessEnginesFilter@1d22384d] 
[2023-06-19 11:26:07,059] - [org.springframework.boot.devtools.autoconfigure.OptionalLiveReloadServer] [startServer] -> (INFO) [LiveReload server is running on port 35729] 
[2023-06-19 11:26:07,148] - [org.apache.coyote.http11.Http11NioProtocol] [log] -> (INFO) [Starting ProtocolHandler ["http-nio-9002"]] 
[2023-06-19 11:26:07,243] - [org.springframework.boot.web.embedded.tomcat.TomcatWebServer] [start] -> (INFO) [Tomcat started on port(s): 9002 (http) with context path ''] 
[2023-06-19 11:26:07,343] - [org.camunda.bpm.container] [logInfo] -> (INFO) [ENGINE-08024 Found processes.xml file at file:/D:/Tausif/Desktop/FreshSuperChargers-Aswini-Avula/FreshSuperChargers-Aswini-Avula/target/classes/META-INF/processes.xml] 
[2023-06-19 11:26:07,497] - [org.camunda.bpm.container] [logInfo] -> (INFO) [ENGINE-08023 Deployment summary for process archive 'trainingWorkflowApplication': 

        userform.form
        training-workflow.bpmn
] 
[2023-06-19 11:26:07,744] - [org.camunda.bpm.application] [logInfo] -> (INFO) [ENGINE-07021 ProcessApplication 'trainingWorkflowApplication' registered for DB deployments [fbdfadb9-0e65-11ee-be83-809133675f5b]. Will execute process definitions 

        Decision[version: 1, id: Decision:1:fbfd95fc-0e65-11ee-be83-809133675f5b]
Deployment does not provide any case definitions.] 
[2023-06-19 11:26:07,818] - [org.camunda.bpm.container] [logInfo] -> (INFO) [ENGINE-08050 Process application trainingWorkflowApplication successfully deployed] 
[2023-06-19 11:26:07,841] - [com.hcl.elch.freshersuperchargers.trainingworkflow.TrainingWorkflowApplication] [logStarted] -> (INFO) [Started TrainingWorkflowApplication in 50.475 seconds (JVM running for 71.455)] 
[2023-06-19 11:26:07,854] - [org.camunda.bpm.engine.jobexecutor] [logInfo] -> (INFO) [ENGINE-14014 Starting up the JobExecutor[org.camunda.bpm.engine.spring.components.jobexecutor.SpringJobExecutor].] 
[2023-06-19 11:26:07,865] - [org.camunda.bpm.engine.jobexecutor] [logInfo] -> (INFO) [ENGINE-14018 JobExecutor[org.camunda.bpm.engine.spring.components.jobexecutor.SpringJobExecutor] starting to acquire jobs] 
[2023-06-19 11:29:12,331] - [org.springframework.boot.devtools.autoconfigure.LocalDevToolsAutoConfiguration$RestartingClassPathChangeChangedEventListener] [onApplicationEvent] -> (INFO) [Restarting due to 24 class path changes (0 additions, 0 deletions, 24 modifications)] 
[2023-06-19 11:29:17,924] - [org.camunda.bpm.container] [logInfo] -> (INFO) [ENGINE-08051 Process application trainingWorkflowApplication undeployed] 
[2023-06-19 11:29:18,165] - [org.apache.coyote.http11.Http11NioProtocol] [log] -> (INFO) [Pausing ProtocolHandler ["http-nio-9002"]] 
[2023-06-19 11:29:18,171] - [org.apache.catalina.core.StandardService] [log] -> (INFO) [Stopping service [Tomcat]] 
[2023-06-19 11:29:18,274] - [org.apache.coyote.http11.Http11NioProtocol] [log] -> (INFO) [Stopping ProtocolHandler ["http-nio-9002"]] 
[2023-06-19 11:29:18,293] - [org.apache.coyote.http11.Http11NioProtocol] [log] -> (INFO) [Destroying ProtocolHandler ["http-nio-9002"]] 
[2023-06-19 11:29:18,702] - [org.camunda.bpm.engine.jobexecutor] [logInfo] -> (INFO) [ENGINE-14015 Shutting down the JobExecutor[org.camunda.bpm.engine.spring.components.jobexecutor.SpringJobExecutor]] 
[2023-06-19 11:29:18,712] - [org.camunda.bpm.engine.jobexecutor] [logInfo] -> (INFO) [ENGINE-14020 JobExecutor[org.camunda.bpm.engine.spring.components.jobexecutor.SpringJobExecutor] stopped job acquisition] 
[2023-06-19 11:29:18,726] - [org.camunda.bpm.engine] [logInfo] -> (INFO) [ENGINE-00007 Process Engine default closed] 
[2023-06-19 11:29:18,728] - [org.springframework.orm.jpa.LocalContainerEntityManagerFactoryBean] [destroy] -> (INFO) [Closing JPA EntityManagerFactory for persistence unit 'default'] 
[2023-06-19 11:29:18,811] - [com.zaxxer.hikari.HikariDataSource] [close] -> (INFO) [HikariPool-1 - Shutdown initiated...] 
[2023-06-19 11:29:19,007] - [com.zaxxer.hikari.HikariDataSource] [close] -> (INFO) [HikariPool-1 - Shutdown completed.] 
[2023-06-19 11:29:21,523] - [com.hcl.elch.freshersuperchargers.trainingworkflow.TrainingWorkflowApplication] [logStarting] -> (INFO) [Starting TrainingWorkflowApplication using Java 17.0.6 on asusvivobook with PID 5488 (D:\Tausif\Desktop\FreshSuperChargers-Aswini-Avula\FreshSuperChargers-Aswini-Avula\target\classes started by Tausif in D:\Tausif\Desktop\FreshSuperChargers-Aswini-Avula\FreshSuperChargers-Aswini-Avula)] 
[2023-06-19 11:29:21,525] - [com.hcl.elch.freshersuperchargers.trainingworkflow.TrainingWorkflowApplication] [logStartupProfileInfo] -> (INFO) [No active profile set, falling back to 1 default profile: "default"] 
[2023-06-19 11:29:22,939] - [org.springframework.data.repository.config.RepositoryConfigurationDelegate] [registerRepositoriesIn] -> (INFO) [Bootstrapping Spring Data JPA repositories in DEFAULT mode.] 
[2023-06-19 11:29:23,009] - [org.springframework.data.repository.config.RepositoryConfigurationDelegate] [registerRepositoriesIn] -> (INFO) [Finished Spring Data repository scanning in 67 ms. Found 5 JPA repository interfaces.] 
[2023-06-19 11:29:23,824] - [org.springframework.boot.web.embedded.tomcat.TomcatWebServer] [initialize] -> (INFO) [Tomcat initialized with port(s): 9002 (http)] 
[2023-06-19 11:29:23,829] - [org.apache.coyote.http11.Http11NioProtocol] [log] -> (INFO) [Initializing ProtocolHandler ["http-nio-9002"]] 
[2023-06-19 11:29:23,831] - [org.apache.catalina.core.StandardService] [log] -> (INFO) [Starting service [Tomcat]] 
[2023-06-19 11:29:23,832] - [org.apache.catalina.core.StandardEngine] [log] -> (INFO) [Starting Servlet engine: [Apache Tomcat/9.0.65]] 
[2023-06-19 11:29:24,048] - [org.apache.catalina.core.ContainerBase.[Tomcat].[localhost].[/]] [log] -> (INFO) [Initializing Spring embedded WebApplicationContext] 
[2023-06-19 11:29:24,048] - [org.springframework.boot.web.servlet.context.ServletWebServerApplicationContext] [prepareWebApplicationContext] -> (INFO) [Root WebApplicationContext: initialization completed in 2508 ms] 
[2023-06-19 11:29:24,060] - [org.camunda.bpm.spring.boot.starter.rest.CamundaJerseyResourceConfig] [registerCamundaRestResources] -> (INFO) [Configuring camunda rest api.] 
[2023-06-19 11:29:24,062] - [org.camunda.bpm.spring.boot.starter.rest.CamundaJerseyResourceConfig] [registerCamundaRestResources] -> (INFO) [Finished configuring camunda rest api.] 
[2023-06-19 11:29:24,470] - [org.hibernate.jpa.internal.util.LogHelper] [logPersistenceUnitInformation] -> (INFO) [HHH000204: Processing PersistenceUnitInfo [name: default]] 
[2023-06-19 11:29:24,505] - [com.zaxxer.hikari.HikariDataSource] [getConnection] -> (INFO) [HikariPool-2 - Starting...] 
[2023-06-19 11:29:24,654] - [com.zaxxer.hikari.HikariDataSource] [getConnection] -> (INFO) [HikariPool-2 - Start completed.] 
[2023-06-19 11:29:24,657] - [org.hibernate.dialect.Dialect] [<init>] -> (INFO) [HHH000400: Using dialect: org.hibernate.dialect.MySQL5InnoDBDialect] 
[2023-06-19 11:29:25,573] - [org.hibernate.engine.transaction.jta.platform.internal.JtaPlatformInitiator] [initiateService] -> (INFO) [HHH000490: Using JtaPlatform implementation: [org.hibernate.engine.transaction.jta.platform.internal.NoJtaPlatform]] 
[2023-06-19 11:29:25,574] - [org.springframework.orm.jpa.LocalContainerEntityManagerFactoryBean] [buildNativeEntityManagerFactory] -> (INFO) [Initialized JPA EntityManagerFactory for persistence unit 'default'] 
[2023-06-19 11:29:25,830] - [org.camunda.bpm.spring.boot] [logInfo] -> (INFO) [STARTER-SB040 Setting up jobExecutor with corePoolSize=3, maxPoolSize:10] 
[2023-06-19 11:29:26,079] - [org.camunda.bpm.engine.cfg] [logInfo] -> (INFO) [ENGINE-12003 Plugin 'CompositeProcessEnginePlugin[genericPropertiesConfiguration, camundaProcessEngineConfiguration, camundaDatasourceConfiguration, camundaJpaConfiguration, camundaJobConfiguration, camundaHistoryConfiguration, camundaMetricsConfiguration, camundaAuthorizationConfiguration, CreateAdminUserConfiguration[adminUser=AdminUserProperty[id=Test, firstName=Test, lastName=Test, email=Test@localhost, password=******]], failedJobConfiguration, CreateFilterConfiguration[filterName=All tasks], disableDeploymentResourcePattern, eventPublisherPlugin, ApplicationContextClassloaderSwitchPlugin, SpringBootSpinProcessEnginePlugin]' activated on process engine 'default'] 
[2023-06-19 11:29:26,080] - [org.camunda.bpm.spring.boot] [logInfo] -> (INFO) [STARTER-SB020 ProcessApplication enabled: autoDeployment via springConfiguration#deploymentResourcePattern is disabled] 
[2023-06-19 11:29:26,080] - [org.camunda.bpm.spring.boot.starter.event.EventPublisherPlugin] [preInit] -> (INFO) [EVENTING-001: Initialized Camunda Spring Boot Eventing Engine Plugin.] 
[2023-06-19 11:29:26,081] - [org.camunda.bpm.spring.boot.starter.event.EventPublisherPlugin] [preInit] -> (INFO) [EVENTING-003: Task events will be published as Spring Events.] 
[2023-06-19 11:29:26,081] - [org.camunda.bpm.spring.boot.starter.event.EventPublisherPlugin] [preInit] -> (INFO) [EVENTING-005: Execution events will be published as Spring Events.] 
[2023-06-19 11:29:26,082] - [org.camunda.bpm.spring.boot.starter.event.EventPublisherPlugin] [preInit] -> (INFO) [EVENTING-007: History events will be published as Spring events.] 
[2023-06-19 11:29:26,083] - [org.camunda.spin] [logInfo] -> (INFO) [SPIN-01010 Discovered Spin data format provider: org.camunda.spin.impl.json.jackson.format.JacksonJsonDataFormatProvider[name = application/json]] 
[2023-06-19 11:29:26,092] - [org.camunda.spin] [logInfo] -> (INFO) [SPIN-01010 Discovered Spin data format provider: org.camunda.spin.impl.xml.dom.format.DomXmlDataFormatProvider[name = application/xml]] 
[2023-06-19 11:29:26,131] - [org.camunda.spin] [logInfo] -> (INFO) [SPIN-01009 Discovered Spin data format: org.camunda.spin.impl.xml.dom.format.DomXmlDataFormat[name = application/xml]] 
[2023-06-19 11:29:26,131] - [org.camunda.spin] [logInfo] -> (INFO) [SPIN-01009 Discovered Spin data format: org.camunda.spin.impl.json.jackson.format.JacksonJsonDataFormat[name = application/json]] 
[2023-06-19 11:29:26,142] - [org.camunda.bpm.dmn.feel.scala] [logInfo] -> (INFO) [FEEL/SCALA-01001 Spin value mapper detected] 
[2023-06-19 11:29:26,151] - [org.camunda.feel.FeelEngine] [<init>] -> (INFO) [Engine created. [value-mapper: CompositeValueMapper(List(org.camunda.feel.impl.JavaValueMapper@46ec5f6b, org.camunda.spin.plugin.impl.feel.integration.SpinValueMapper@24177fcf)), function-provider: org.camunda.bpm.dmn.feel.impl.scala.function.CustomFunctionTransformer@9d2dc89, clock: SystemClock, configuration: Configuration(false)]] 
[2023-06-19 11:29:52,842] - [org.springframework.test.context.support.AbstractContextLoader] [generateDefaultLocations] -> (INFO) [Could not detect default resource locations for test class [com.example.demo.FresherSuperChargersApplicationTests]: no resource found for suffixes {-context.xml, Context.groovy}.] 
[2023-06-19 11:29:52,893] - [org.springframework.test.context.support.AnnotationConfigContextLoaderUtils] [detectDefaultConfigurationClasses] -> (INFO) [Could not detect default configuration classes for test class [com.example.demo.FresherSuperChargersApplicationTests]: FresherSuperChargersApplicationTests does not declare any static, non-private, non-final, nested classes annotated with @Configuration.] 
[2023-06-19 11:29:59,407] - [org.camunda.bpm.engine] [logInfo] -> (INFO) [ENGINE-00001 Process Engine default created.] 
[2023-06-19 11:29:59,516] - [org.camunda.bpm.spring.boot] [logInfo] -> (INFO) [STARTER-SB011 Skip creating initial Admin User, user does exist: UserEntity[id=Test, revision=1, firstName=Test, lastName=Test, email=Test@localhost, password={SHA-512}kLjUzqdFcO3pS8+Berl04OxmO/02zg2UpnhoQmtdbJGlx4Jn2I8UGLDWv1MF5+d0Rn7yYLhkXYT3a/kPdiDYUA==, salt=ZqcChQ10a+gT/ZgTPtdRLQ==, lockExpirationTime=null, attempts=0]] 
[2023-06-19 11:29:59,542] - [org.camunda.bpm.spring.boot] [logInfo] -> (INFO) [STARTER-SB016 Skip initial filter creation, the filter with this name already exists: All tasks] 
[2023-06-19 11:29:59,981] - [org.drools.compiler.kie.builder.impl.KieBuilderImpl] [packageNameForFile] -> (WARN) [File 'rules/tasks.drl' is in folder 'rules' but declares package 'com.foobat'. It is advised to have a correspondance between package and folder names.] 
[2023-06-19 11:30:01,631] - [org.springframework.boot.autoconfigure.orm.jpa.JpaBaseConfiguration$JpaWebConfiguration] [openEntityManagerInViewInterceptor] -> (WARN) [spring.jpa.open-in-view is enabled by default. Therefore, database queries may be performed during view rendering. Explicitly configure spring.jpa.open-in-view to disable this warning] 
[2023-06-19 11:30:02,739] - [org.camunda.bpm.spring.boot.starter.webapp.filter.LazyInitRegistration] [lazyInit] -> (INFO) [lazy initialized org.camunda.bpm.spring.boot.starter.webapp.filter.LazyProcessEnginesFilter@55e1951d] 
[2023-06-19 11:30:02,870] - [org.camunda.bpm.spring.boot.starter.webapp.filter.LazyInitRegistration] [lazyInit] -> (INFO) [lazy initialized org.camunda.bpm.spring.boot.starter.webapp.filter.LazySecurityFilter@16d734e9] 
[2023-06-19 11:30:03,144] - [org.springframework.boot.devtools.autoconfigure.OptionalLiveReloadServer] [startServer] -> (INFO) [LiveReload server is running on port 35729] 
[2023-06-19 11:30:03,348] - [org.apache.coyote.http11.Http11NioProtocol] [log] -> (INFO) [Starting ProtocolHandler ["http-nio-9002"]] 
[2023-06-19 11:30:03,435] - [org.springframework.boot.web.embedded.tomcat.TomcatWebServer] [start] -> (INFO) [Tomcat started on port(s): 9002 (http) with context path ''] 
[2023-06-19 11:30:03,524] - [org.camunda.bpm.container] [logInfo] -> (INFO) [ENGINE-08024 Found processes.xml file at file:/D:/Tausif/Desktop/FreshSuperChargers-Aswini-Avula/FreshSuperChargers-Aswini-Avula/target/classes/META-INF/processes.xml] 
[2023-06-19 11:30:03,711] - [org.camunda.bpm.container] [logInfo] -> (INFO) [ENGINE-08023 Deployment summary for process archive 'trainingWorkflowApplication': 

        userform.form
        training-workflow.bpmn
] 
[2023-06-19 11:30:04,290] - [org.camunda.bpm.application] [logInfo] -> (INFO) [ENGINE-07021 ProcessApplication 'trainingWorkflowApplication' registered for DB deployments [fbdfadb9-0e65-11ee-be83-809133675f5b]. Will execute process definitions 

        Decision[version: 1, id: Decision:1:fbfd95fc-0e65-11ee-be83-809133675f5b]
Deployment does not provide any case definitions.] 
[2023-06-19 11:30:04,301] - [org.camunda.bpm.container] [logInfo] -> (INFO) [ENGINE-08050 Process application trainingWorkflowApplication successfully deployed] 
[2023-06-19 11:30:04,314] - [com.hcl.elch.freshersuperchargers.trainingworkflow.TrainingWorkflowApplication] [logStarted] -> (INFO) [Started TrainingWorkflowApplication in 43.389 seconds (JVM running for 307.926)] 
[2023-06-19 11:30:04,623] - [org.springframework.boot.devtools.autoconfigure.ConditionEvaluationDeltaLoggingListener] [onApplicationEvent] -> (INFO) [Condition evaluation unchanged] 
[2023-06-19 11:30:04,629] - [org.camunda.bpm.engine.jobexecutor] [logInfo] -> (INFO) [ENGINE-14014 Starting up the JobExecutor[org.camunda.bpm.engine.spring.components.jobexecutor.SpringJobExecutor].] 
[2023-06-19 11:30:04,637] - [org.camunda.bpm.engine.jobexecutor] [logInfo] -> (INFO) [ENGINE-14018 JobExecutor[org.camunda.bpm.engine.spring.components.jobexecutor.SpringJobExecutor] starting to acquire jobs] 
[2023-06-19 11:31:28,067] - [org.springframework.boot.admin.SpringApplicationAdminMXBeanRegistrar$SpringApplicationAdmin] [shutdown] -> (INFO) [Application shutdown requested.] 
[2023-06-19 11:31:28,370] - [org.camunda.bpm.container] [logInfo] -> (INFO) [ENGINE-08051 Process application trainingWorkflowApplication undeployed] 
[2023-06-19 11:31:28,496] - [org.apache.coyote.http11.Http11NioProtocol] [log] -> (INFO) [Pausing ProtocolHandler ["http-nio-9002"]] 
[2023-06-19 11:31:28,499] - [org.apache.catalina.core.StandardService] [log] -> (INFO) [Stopping service [Tomcat]] 
[2023-06-19 11:31:28,581] - [org.apache.coyote.http11.Http11NioProtocol] [log] -> (INFO) [Stopping ProtocolHandler ["http-nio-9002"]] 
[2023-06-19 11:31:28,595] - [org.apache.coyote.http11.Http11NioProtocol] [log] -> (INFO) [Destroying ProtocolHandler ["http-nio-9002"]] 
[2023-06-19 11:31:28,745] - [org.camunda.bpm.engine.jobexecutor] [logInfo] -> (INFO) [ENGINE-14015 Shutting down the JobExecutor[org.camunda.bpm.engine.spring.components.jobexecutor.SpringJobExecutor]] 
[2023-06-19 11:31:28,747] - [org.camunda.bpm.engine.jobexecutor] [logInfo] -> (INFO) [ENGINE-14020 JobExecutor[org.camunda.bpm.engine.spring.components.jobexecutor.SpringJobExecutor] stopped job acquisition] 
[2023-06-19 11:31:28,754] - [org.camunda.bpm.engine] [logInfo] -> (INFO) [ENGINE-00007 Process Engine default closed] 
[2023-06-19 11:31:28,759] - [org.springframework.orm.jpa.LocalContainerEntityManagerFactoryBean] [destroy] -> (INFO) [Closing JPA EntityManagerFactory for persistence unit 'default'] 
[2023-06-19 11:31:28,803] - [com.zaxxer.hikari.HikariDataSource] [close] -> (INFO) [HikariPool-2 - Shutdown initiated...] 
[2023-06-19 11:31:28,862] - [com.zaxxer.hikari.HikariDataSource] [close] -> (INFO) [HikariPool-2 - Shutdown completed.] 
[2023-06-19 11:32:13,530] - [org.hibernate.validator.internal.util.Version] [<clinit>] -> (INFO) [HV000001: Hibernate Validator 6.2.5.Final] 
[2023-06-19 11:32:13,642] - [com.hcl.elch.freshersuperchargers.trainingworkflow.TrainingWorkflowApplication] [logStarting] -> (INFO) [Starting TrainingWorkflowApplication using Java 17.0.6 on asusvivobook with PID 16736 (D:\Tausif\Desktop\FreshSuperChargers-Aswini-Avula\FreshSuperChargers-Aswini-Avula\target\classes started by Tausif in D:\Tausif\Desktop\FreshSuperChargers-Aswini-Avula\FreshSuperChargers-Aswini-Avula)] 
[2023-06-19 11:32:13,653] - [com.hcl.elch.freshersuperchargers.trainingworkflow.TrainingWorkflowApplication] [logStartupProfileInfo] -> (INFO) [No active profile set, falling back to 1 default profile: "default"] 
[2023-06-19 11:32:13,797] - [org.springframework.boot.devtools.restart.ChangeableUrls] [logTo] -> (INFO) [The Class-Path manifest attribute in C:\Users\Tausif\.m2\repository\org\glassfish\hk2\hk2\2.6.1\hk2-2.6.1.jar referenced one or more files that do not exist: file:/C:/Users/Tausif/.m2/repository/org/glassfish/hk2/hk2/2.6.1/hk2-utils.jar,file:/C:/Users/Tausif/.m2/repository/org/glassfish/hk2/hk2/2.6.1/jakarta.annotation-api.jar,file:/C:/Users/Tausif/.m2/repository/org/glassfish/hk2/hk2/2.6.1/jakarta.inject.jar,file:/C:/Users/Tausif/.m2/repository/org/glassfish/hk2/hk2/2.6.1/hk2-api.jar,file:/C:/Users/Tausif/.m2/repository/org/glassfish/hk2/hk2/2.6.1/aopalliance-repackaged.jar,file:/C:/Users/Tausif/.m2/repository/org/glassfish/hk2/hk2/2.6.1/hk2-core.jar,file:/C:/Users/Tausif/.m2/repository/org/glassfish/hk2/hk2/2.6.1/hk2-locator.jar,file:/C:/Users/Tausif/.m2/repository/org/glassfish/hk2/hk2/2.6.1/javassist.jar,file:/C:/Users/Tausif/.m2/repository/org/glassfish/hk2/hk2/2.6.1/hk2-runlevel.jar,file:/C:/Users/Tausif/.m2/repository/org/glassfish/hk2/hk2/2.6.1/class-model.jar,file:/C:/Users/Tausif/.m2/repository/org/glassfish/hk2/hk2/2.6.1/asm.jar,file:/C:/Users/Tausif/.m2/repository/org/glassfish/hk2/hk2/2.6.1/asm-analysis.jar,file:/C:/Users/Tausif/.m2/repository/org/glassfish/hk2/hk2/2.6.1/asm-commons.jar,file:/C:/Users/Tausif/.m2/repository/org/glassfish/hk2/hk2/2.6.1/asm-tree.jar,file:/C:/Users/Tausif/.m2/repository/org/glassfish/hk2/hk2/2.6.1/asm-util.jar] 
[2023-06-19 11:32:13,799] - [org.springframework.boot.devtools.env.DevToolsPropertyDefaultsPostProcessor] [logTo] -> (INFO) [Devtools property defaults active! Set 'spring.devtools.add-properties' to 'false' to disable] 
[2023-06-19 11:32:13,799] - [org.springframework.boot.devtools.env.DevToolsPropertyDefaultsPostProcessor] [logTo] -> (INFO) [For additional web related logging consider setting the 'logging.level.web' property to 'DEBUG'] 
[2023-06-19 11:32:15,446] - [org.springframework.data.repository.config.RepositoryConfigurationDelegate] [registerRepositoriesIn] -> (INFO) [Bootstrapping Spring Data JPA repositories in DEFAULT mode.] 
[2023-06-19 11:32:15,715] - [org.springframework.data.repository.config.RepositoryConfigurationDelegate] [registerRepositoriesIn] -> (INFO) [Finished Spring Data repository scanning in 236 ms. Found 5 JPA repository interfaces.] 
[2023-06-19 11:32:17,228] - [org.springframework.boot.web.embedded.tomcat.TomcatWebServer] [initialize] -> (INFO) [Tomcat initialized with port(s): 9002 (http)] 
[2023-06-19 11:32:17,247] - [org.apache.coyote.http11.Http11NioProtocol] [log] -> (INFO) [Initializing ProtocolHandler ["http-nio-9002"]] 
[2023-06-19 11:32:17,249] - [org.apache.catalina.core.StandardService] [log] -> (INFO) [Starting service [Tomcat]] 
[2023-06-19 11:32:17,249] - [org.apache.catalina.core.StandardEngine] [log] -> (INFO) [Starting Servlet engine: [Apache Tomcat/9.0.65]] 
[2023-06-19 11:32:17,552] - [org.apache.catalina.core.ContainerBase.[Tomcat].[localhost].[/]] [log] -> (INFO) [Initializing Spring embedded WebApplicationContext] 
[2023-06-19 11:32:17,553] - [org.springframework.boot.web.servlet.context.ServletWebServerApplicationContext] [prepareWebApplicationContext] -> (INFO) [Root WebApplicationContext: initialization completed in 3752 ms] 
[2023-06-19 11:32:17,603] - [org.camunda.bpm.spring.boot.starter.rest.CamundaJerseyResourceConfig] [registerCamundaRestResources] -> (INFO) [Configuring camunda rest api.] 
[2023-06-19 11:32:17,649] - [org.camunda.bpm.spring.boot.starter.rest.CamundaJerseyResourceConfig] [registerCamundaRestResources] -> (INFO) [Finished configuring camunda rest api.] 
[2023-06-19 11:32:18,274] - [org.hibernate.jpa.internal.util.LogHelper] [logPersistenceUnitInformation] -> (INFO) [HHH000204: Processing PersistenceUnitInfo [name: default]] 
[2023-06-19 11:32:18,398] - [org.hibernate.Version] [logVersion] -> (INFO) [HHH000412: Hibernate ORM core version 5.6.11.Final] 
[2023-06-19 11:32:18,787] - [org.hibernate.annotations.common.Version] [<clinit>] -> (INFO) [HCANN000001: Hibernate Commons Annotations {5.1.2.Final}] 
[2023-06-19 11:32:19,244] - [com.zaxxer.hikari.HikariDataSource] [getConnection] -> (INFO) [HikariPool-1 - Starting...] 
[2023-06-19 11:32:20,123] - [com.zaxxer.hikari.HikariDataSource] [getConnection] -> (INFO) [HikariPool-1 - Start completed.] 
[2023-06-19 11:32:20,163] - [org.hibernate.dialect.Dialect] [<init>] -> (INFO) [HHH000400: Using dialect: org.hibernate.dialect.MySQL5InnoDBDialect] 
[2023-06-19 11:32:22,137] - [org.hibernate.engine.transaction.jta.platform.internal.JtaPlatformInitiator] [initiateService] -> (INFO) [HHH000490: Using JtaPlatform implementation: [org.hibernate.engine.transaction.jta.platform.internal.NoJtaPlatform]] 
[2023-06-19 11:32:22,153] - [org.springframework.orm.jpa.LocalContainerEntityManagerFactoryBean] [buildNativeEntityManagerFactory] -> (INFO) [Initialized JPA EntityManagerFactory for persistence unit 'default'] 
[2023-06-19 11:32:22,313] - [org.camunda.bpm.spring.boot] [logInfo] -> (INFO) [STARTER-SB040 Setting up jobExecutor with corePoolSize=3, maxPoolSize:10] 
[2023-06-19 11:32:22,582] - [org.camunda.bpm.engine.cfg] [logInfo] -> (INFO) [ENGINE-12003 Plugin 'CompositeProcessEnginePlugin[genericPropertiesConfiguration, camundaProcessEngineConfiguration, camundaDatasourceConfiguration, camundaJpaConfiguration, camundaJobConfiguration, camundaHistoryConfiguration, camundaMetricsConfiguration, camundaAuthorizationConfiguration, CreateAdminUserConfiguration[adminUser=AdminUserProperty[id=Test, firstName=Test, lastName=Test, email=Test@localhost, password=******]], failedJobConfiguration, CreateFilterConfiguration[filterName=All tasks], disableDeploymentResourcePattern, eventPublisherPlugin, ApplicationContextClassloaderSwitchPlugin, SpringBootSpinProcessEnginePlugin]' activated on process engine 'default'] 
[2023-06-19 11:32:22,597] - [org.camunda.bpm.spring.boot] [logInfo] -> (INFO) [STARTER-SB020 ProcessApplication enabled: autoDeployment via springConfiguration#deploymentResourcePattern is disabled] 
[2023-06-19 11:32:22,600] - [org.camunda.bpm.spring.boot.starter.event.EventPublisherPlugin] [preInit] -> (INFO) [EVENTING-001: Initialized Camunda Spring Boot Eventing Engine Plugin.] 
[2023-06-19 11:32:22,601] - [org.camunda.bpm.spring.boot.starter.event.EventPublisherPlugin] [preInit] -> (INFO) [EVENTING-003: Task events will be published as Spring Events.] 
[2023-06-19 11:32:22,602] - [org.camunda.bpm.spring.boot.starter.event.EventPublisherPlugin] [preInit] -> (INFO) [EVENTING-005: Execution events will be published as Spring Events.] 
[2023-06-19 11:32:22,609] - [org.camunda.bpm.spring.boot.starter.event.EventPublisherPlugin] [preInit] -> (INFO) [EVENTING-007: History events will be published as Spring events.] 
[2023-06-19 11:32:22,622] - [org.camunda.spin] [logInfo] -> (INFO) [SPIN-01010 Discovered Spin data format provider: org.camunda.spin.impl.json.jackson.format.JacksonJsonDataFormatProvider[name = application/json]] 
[2023-06-19 11:32:23,146] - [org.camunda.spin] [logInfo] -> (INFO) [SPIN-01010 Discovered Spin data format provider: org.camunda.spin.impl.xml.dom.format.DomXmlDataFormatProvider[name = application/xml]] 
[2023-06-19 11:32:23,334] - [org.camunda.spin] [logInfo] -> (INFO) [SPIN-01009 Discovered Spin data format: org.camunda.spin.impl.xml.dom.format.DomXmlDataFormat[name = application/xml]] 
[2023-06-19 11:32:23,335] - [org.camunda.spin] [logInfo] -> (INFO) [SPIN-01009 Discovered Spin data format: org.camunda.spin.impl.json.jackson.format.JacksonJsonDataFormat[name = application/json]] 
[2023-06-19 11:32:24,671] - [org.camunda.bpm.dmn.feel.scala] [logInfo] -> (INFO) [FEEL/SCALA-01001 Spin value mapper detected] 
[2023-06-19 11:32:24,830] - [org.camunda.feel.FeelEngine] [<init>] -> (INFO) [Engine created. [value-mapper: CompositeValueMapper(List(org.camunda.feel.impl.JavaValueMapper@66b932af, org.camunda.spin.plugin.impl.feel.integration.SpinValueMapper@2ea5714)), function-provider: org.camunda.bpm.dmn.feel.impl.scala.function.CustomFunctionTransformer@45f7562b, clock: SystemClock, configuration: Configuration(false)]] 
[2023-06-19 11:32:55,381] - [org.camunda.bpm.connect] [logInfo] -> (INFO) [CNCT-01004 Discovered provider for connector id 'http-connector' and class 'org.camunda.connect.httpclient.impl.HttpConnectorImpl': 'org.camunda.connect.httpclient.impl.HttpConnectorProviderImpl'] 
[2023-06-19 11:32:55,403] - [org.camunda.bpm.connect] [logInfo] -> (INFO) [CNCT-01004 Discovered provider for connector id 'soap-http-connector' and class 'org.camunda.connect.httpclient.soap.impl.SoapHttpConnectorImpl': 'org.camunda.connect.httpclient.soap.impl.SoapHttpConnectorProviderImpl'] 
[2023-06-19 11:33:12,780] - [org.camunda.bpm.engine] [logInfo] -> (INFO) [ENGINE-00001 Process Engine default created.] 
[2023-06-19 11:33:13,312] - [org.camunda.bpm.spring.boot] [logInfo] -> (INFO) [STARTER-SB011 Skip creating initial Admin User, user does exist: UserEntity[id=Test, revision=1, firstName=Test, lastName=Test, email=Test@localhost, password={SHA-512}kLjUzqdFcO3pS8+Berl04OxmO/02zg2UpnhoQmtdbJGlx4Jn2I8UGLDWv1MF5+d0Rn7yYLhkXYT3a/kPdiDYUA==, salt=ZqcChQ10a+gT/ZgTPtdRLQ==, lockExpirationTime=null, attempts=0]] 
[2023-06-19 11:33:13,344] - [org.camunda.bpm.spring.boot] [logInfo] -> (INFO) [STARTER-SB016 Skip initial filter creation, the filter with this name already exists: All tasks] 
[2023-06-19 11:33:15,970] - [org.drools.compiler.kie.builder.impl.KieBuilderImpl] [packageNameForFile] -> (WARN) [File 'rules/tasks.drl' is in folder 'rules' but declares package 'com.foobat'. It is advised to have a correspondance between package and folder names.] 
[2023-06-19 11:33:18,086] - [org.springframework.boot.autoconfigure.orm.jpa.JpaBaseConfiguration$JpaWebConfiguration] [openEntityManagerInViewInterceptor] -> (WARN) [spring.jpa.open-in-view is enabled by default. Therefore, database queries may be performed during view rendering. Explicitly configure spring.jpa.open-in-view to disable this warning] 
[2023-06-19 11:33:18,986] - [org.camunda.bpm.spring.boot.starter.webapp.filter.LazyInitRegistration] [lazyInit] -> (INFO) [lazy initialized org.camunda.bpm.spring.boot.starter.webapp.filter.LazySecurityFilter@58a9157a] 
[2023-06-19 11:33:18,990] - [org.camunda.bpm.spring.boot.starter.webapp.filter.LazyInitRegistration] [lazyInit] -> (INFO) [lazy initialized org.camunda.bpm.spring.boot.starter.webapp.filter.LazyProcessEnginesFilter@48df2823] 
[2023-06-19 11:33:19,592] - [org.springframework.boot.devtools.autoconfigure.OptionalLiveReloadServer] [startServer] -> (INFO) [LiveReload server is running on port 35729] 
[2023-06-19 11:33:19,698] - [org.apache.coyote.http11.Http11NioProtocol] [log] -> (INFO) [Starting ProtocolHandler ["http-nio-9002"]] 
[2023-06-19 11:33:19,821] - [org.springframework.boot.web.embedded.tomcat.TomcatWebServer] [start] -> (INFO) [Tomcat started on port(s): 9002 (http) with context path ''] 
[2023-06-19 11:33:19,928] - [org.camunda.bpm.container] [logInfo] -> (INFO) [ENGINE-08024 Found processes.xml file at file:/D:/Tausif/Desktop/FreshSuperChargers-Aswini-Avula/FreshSuperChargers-Aswini-Avula/target/classes/META-INF/processes.xml] 
[2023-06-19 11:33:20,130] - [org.camunda.bpm.container] [logInfo] -> (INFO) [ENGINE-08023 Deployment summary for process archive 'trainingWorkflowApplication': 

        userform.form
        training-workflow.bpmn
] 
[2023-06-19 11:33:21,153] - [org.camunda.bpm.application] [logInfo] -> (INFO) [ENGINE-07021 ProcessApplication 'trainingWorkflowApplication' registered for DB deployments [fbdfadb9-0e65-11ee-be83-809133675f5b]. Will execute process definitions 

        Decision[version: 1, id: Decision:1:fbfd95fc-0e65-11ee-be83-809133675f5b]
Deployment does not provide any case definitions.] 
[2023-06-19 11:33:21,164] - [org.camunda.bpm.container] [logInfo] -> (INFO) [ENGINE-08050 Process application trainingWorkflowApplication successfully deployed] 
[2023-06-19 11:33:21,184] - [com.hcl.elch.freshersuperchargers.trainingworkflow.TrainingWorkflowApplication] [logStarted] -> (INFO) [Started TrainingWorkflowApplication in 68.273 seconds (JVM running for 75.816)] 
[2023-06-19 11:33:21,198] - [org.camunda.bpm.engine.jobexecutor] [logInfo] -> (INFO) [ENGINE-14014 Starting up the JobExecutor[org.camunda.bpm.engine.spring.components.jobexecutor.SpringJobExecutor].] 
[2023-06-19 11:33:21,204] - [org.camunda.bpm.engine.jobexecutor] [logInfo] -> (INFO) [ENGINE-14018 JobExecutor[org.camunda.bpm.engine.spring.components.jobexecutor.SpringJobExecutor] starting to acquire jobs] 
[2023-06-19 11:35:03,963] - [org.springframework.boot.devtools.autoconfigure.LocalDevToolsAutoConfiguration$RestartingClassPathChangeChangedEventListener] [onApplicationEvent] -> (INFO) [Restarting due to 24 class path changes (0 additions, 0 deletions, 24 modifications)] 
[2023-06-19 11:35:06,804] - [org.camunda.bpm.container] [logInfo] -> (INFO) [ENGINE-08051 Process application trainingWorkflowApplication undeployed] 
[2023-06-19 11:35:07,664] - [org.apache.coyote.http11.Http11NioProtocol] [log] -> (INFO) [Pausing ProtocolHandler ["http-nio-9002"]] 
[2023-06-19 11:35:07,669] - [org.apache.catalina.core.StandardService] [log] -> (INFO) [Stopping service [Tomcat]] 
[2023-06-19 11:35:07,963] - [org.apache.coyote.http11.Http11NioProtocol] [log] -> (INFO) [Stopping ProtocolHandler ["http-nio-9002"]] 
[2023-06-19 11:35:08,003] - [org.apache.coyote.http11.Http11NioProtocol] [log] -> (INFO) [Destroying ProtocolHandler ["http-nio-9002"]] 
[2023-06-19 11:35:08,644] - [org.camunda.bpm.engine.jobexecutor] [logInfo] -> (INFO) [ENGINE-14015 Shutting down the JobExecutor[org.camunda.bpm.engine.spring.components.jobexecutor.SpringJobExecutor]] 
[2023-06-19 11:35:08,648] - [org.camunda.bpm.engine.jobexecutor] [logInfo] -> (INFO) [ENGINE-14020 JobExecutor[org.camunda.bpm.engine.spring.components.jobexecutor.SpringJobExecutor] stopped job acquisition] 
[2023-06-19 11:35:08,707] - [org.camunda.bpm.engine] [logInfo] -> (INFO) [ENGINE-00007 Process Engine default closed] 
[2023-06-19 11:35:08,716] - [org.springframework.orm.jpa.LocalContainerEntityManagerFactoryBean] [destroy] -> (INFO) [Closing JPA EntityManagerFactory for persistence unit 'default'] 
[2023-06-19 11:35:08,858] - [com.zaxxer.hikari.HikariDataSource] [close] -> (INFO) [HikariPool-1 - Shutdown initiated...] 
[2023-06-19 11:35:09,045] - [com.zaxxer.hikari.HikariDataSource] [close] -> (INFO) [HikariPool-1 - Shutdown completed.] 
[2023-06-19 11:35:12,481] - [com.hcl.elch.freshersuperchargers.trainingworkflow.TrainingWorkflowApplication] [logStarting] -> (INFO) [Starting TrainingWorkflowApplication using Java 17.0.6 on asusvivobook with PID 16736 (D:\Tausif\Desktop\FreshSuperChargers-Aswini-Avula\FreshSuperChargers-Aswini-Avula\target\classes started by Tausif in D:\Tausif\Desktop\FreshSuperChargers-Aswini-Avula\FreshSuperChargers-Aswini-Avula)] 
[2023-06-19 11:35:12,482] - [com.hcl.elch.freshersuperchargers.trainingworkflow.TrainingWorkflowApplication] [logStartupProfileInfo] -> (INFO) [No active profile set, falling back to 1 default profile: "default"] 
[2023-06-19 11:35:14,292] - [org.springframework.data.repository.config.RepositoryConfigurationDelegate] [registerRepositoriesIn] -> (INFO) [Bootstrapping Spring Data JPA repositories in DEFAULT mode.] 
[2023-06-19 11:35:14,804] - [org.springframework.data.repository.config.RepositoryConfigurationDelegate] [registerRepositoriesIn] -> (INFO) [Finished Spring Data repository scanning in 505 ms. Found 5 JPA repository interfaces.] 
[2023-06-19 11:35:15,663] - [org.springframework.boot.web.embedded.tomcat.TomcatWebServer] [initialize] -> (INFO) [Tomcat initialized with port(s): 9002 (http)] 
[2023-06-19 11:35:15,666] - [org.apache.coyote.http11.Http11NioProtocol] [log] -> (INFO) [Initializing ProtocolHandler ["http-nio-9002"]] 
[2023-06-19 11:35:15,668] - [org.apache.catalina.core.StandardService] [log] -> (INFO) [Starting service [Tomcat]] 
[2023-06-19 11:35:15,670] - [org.apache.catalina.core.StandardEngine] [log] -> (INFO) [Starting Servlet engine: [Apache Tomcat/9.0.65]] 
[2023-06-19 11:35:15,991] - [org.apache.catalina.core.ContainerBase.[Tomcat].[localhost].[/]] [log] -> (INFO) [Initializing Spring embedded WebApplicationContext] 
[2023-06-19 11:35:15,992] - [org.springframework.boot.web.servlet.context.ServletWebServerApplicationContext] [prepareWebApplicationContext] -> (INFO) [Root WebApplicationContext: initialization completed in 3378 ms] 
[2023-06-19 11:35:16,026] - [org.camunda.bpm.spring.boot.starter.rest.CamundaJerseyResourceConfig] [registerCamundaRestResources] -> (INFO) [Configuring camunda rest api.] 
[2023-06-19 11:35:16,030] - [org.camunda.bpm.spring.boot.starter.rest.CamundaJerseyResourceConfig] [registerCamundaRestResources] -> (INFO) [Finished configuring camunda rest api.] 
[2023-06-19 11:35:16,566] - [org.hibernate.jpa.internal.util.LogHelper] [logPersistenceUnitInformation] -> (INFO) [HHH000204: Processing PersistenceUnitInfo [name: default]] 
[2023-06-19 11:35:16,596] - [com.zaxxer.hikari.HikariDataSource] [getConnection] -> (INFO) [HikariPool-2 - Starting...] 
[2023-06-19 11:35:16,738] - [com.zaxxer.hikari.HikariDataSource] [getConnection] -> (INFO) [HikariPool-2 - Start completed.] 
[2023-06-19 11:35:16,739] - [org.hibernate.dialect.Dialect] [<init>] -> (INFO) [HHH000400: Using dialect: org.hibernate.dialect.MySQL5InnoDBDialect] 
[2023-06-19 11:35:17,400] - [org.hibernate.engine.transaction.jta.platform.internal.JtaPlatformInitiator] [initiateService] -> (INFO) [HHH000490: Using JtaPlatform implementation: [org.hibernate.engine.transaction.jta.platform.internal.NoJtaPlatform]] 
[2023-06-19 11:35:17,402] - [org.springframework.orm.jpa.LocalContainerEntityManagerFactoryBean] [buildNativeEntityManagerFactory] -> (INFO) [Initialized JPA EntityManagerFactory for persistence unit 'default'] 
[2023-06-19 11:35:17,573] - [org.camunda.bpm.spring.boot] [logInfo] -> (INFO) [STARTER-SB040 Setting up jobExecutor with corePoolSize=3, maxPoolSize:10] 
[2023-06-19 11:35:18,168] - [org.camunda.bpm.engine.cfg] [logInfo] -> (INFO) [ENGINE-12003 Plugin 'CompositeProcessEnginePlugin[genericPropertiesConfiguration, camundaProcessEngineConfiguration, camundaDatasourceConfiguration, camundaJpaConfiguration, camundaJobConfiguration, camundaHistoryConfiguration, camundaMetricsConfiguration, camundaAuthorizationConfiguration, CreateAdminUserConfiguration[adminUser=AdminUserProperty[id=Test, firstName=Test, lastName=Test, email=Test@localhost, password=******]], failedJobConfiguration, CreateFilterConfiguration[filterName=All tasks], disableDeploymentResourcePattern, eventPublisherPlugin, ApplicationContextClassloaderSwitchPlugin, SpringBootSpinProcessEnginePlugin]' activated on process engine 'default'] 
[2023-06-19 11:35:18,172] - [org.camunda.bpm.spring.boot] [logInfo] -> (INFO) [STARTER-SB020 ProcessApplication enabled: autoDeployment via springConfiguration#deploymentResourcePattern is disabled] 
[2023-06-19 11:35:18,175] - [org.camunda.bpm.spring.boot.starter.event.EventPublisherPlugin] [preInit] -> (INFO) [EVENTING-001: Initialized Camunda Spring Boot Eventing Engine Plugin.] 
[2023-06-19 11:35:18,175] - [org.camunda.bpm.spring.boot.starter.event.EventPublisherPlugin] [preInit] -> (INFO) [EVENTING-003: Task events will be published as Spring Events.] 
[2023-06-19 11:35:18,175] - [org.camunda.bpm.spring.boot.starter.event.EventPublisherPlugin] [preInit] -> (INFO) [EVENTING-005: Execution events will be published as Spring Events.] 
[2023-06-19 11:35:18,175] - [org.camunda.bpm.spring.boot.starter.event.EventPublisherPlugin] [preInit] -> (INFO) [EVENTING-007: History events will be published as Spring events.] 
[2023-06-19 11:35:18,177] - [org.camunda.spin] [logInfo] -> (INFO) [SPIN-01010 Discovered Spin data format provider: org.camunda.spin.impl.json.jackson.format.JacksonJsonDataFormatProvider[name = application/json]] 
[2023-06-19 11:35:18,184] - [org.camunda.spin] [logInfo] -> (INFO) [SPIN-01010 Discovered Spin data format provider: org.camunda.spin.impl.xml.dom.format.DomXmlDataFormatProvider[name = application/xml]] 
[2023-06-19 11:35:18,253] - [org.camunda.spin] [logInfo] -> (INFO) [SPIN-01009 Discovered Spin data format: org.camunda.spin.impl.xml.dom.format.DomXmlDataFormat[name = application/xml]] 
[2023-06-19 11:35:18,254] - [org.camunda.spin] [logInfo] -> (INFO) [SPIN-01009 Discovered Spin data format: org.camunda.spin.impl.json.jackson.format.JacksonJsonDataFormat[name = application/json]] 
[2023-06-19 11:35:18,296] - [org.camunda.bpm.dmn.feel.scala] [logInfo] -> (INFO) [FEEL/SCALA-01001 Spin value mapper detected] 
[2023-06-19 11:35:18,313] - [org.camunda.feel.FeelEngine] [<init>] -> (INFO) [Engine created. [value-mapper: CompositeValueMapper(List(org.camunda.feel.impl.JavaValueMapper@96860b1, org.camunda.spin.plugin.impl.feel.integration.SpinValueMapper@66526557)), function-provider: org.camunda.bpm.dmn.feel.impl.scala.function.CustomFunctionTransformer@3975c89f, clock: SystemClock, configuration: Configuration(false)]] 
[2023-06-19 11:35:26,670] - [org.springframework.test.context.support.AbstractContextLoader] [generateDefaultLocations] -> (INFO) [Could not detect default resource locations for test class [com.example.demo.FresherSuperChargersApplicationTests]: no resource found for suffixes {-context.xml, Context.groovy}.] 
[2023-06-19 11:35:26,704] - [org.springframework.test.context.support.AnnotationConfigContextLoaderUtils] [detectDefaultConfigurationClasses] -> (INFO) [Could not detect default configuration classes for test class [com.example.demo.FresherSuperChargersApplicationTests]: FresherSuperChargersApplicationTests does not declare any static, non-private, non-final, nested classes annotated with @Configuration.] 
[2023-06-19 11:35:32,212] - [org.camunda.bpm.engine] [logInfo] -> (INFO) [ENGINE-00001 Process Engine default created.] 
[2023-06-19 11:35:32,237] - [org.camunda.bpm.spring.boot] [logInfo] -> (INFO) [STARTER-SB011 Skip creating initial Admin User, user does exist: UserEntity[id=Test, revision=1, firstName=Test, lastName=Test, email=Test@localhost, password={SHA-512}kLjUzqdFcO3pS8+Berl04OxmO/02zg2UpnhoQmtdbJGlx4Jn2I8UGLDWv1MF5+d0Rn7yYLhkXYT3a/kPdiDYUA==, salt=ZqcChQ10a+gT/ZgTPtdRLQ==, lockExpirationTime=null, attempts=0]] 
[2023-06-19 11:35:32,255] - [org.camunda.bpm.spring.boot] [logInfo] -> (INFO) [STARTER-SB016 Skip initial filter creation, the filter with this name already exists: All tasks] 
[2023-06-19 11:35:32,282] - [org.drools.compiler.kie.builder.impl.KieBuilderImpl] [packageNameForFile] -> (WARN) [File 'rules/tasks.drl' is in folder 'rules' but declares package 'com.foobat'. It is advised to have a correspondance between package and folder names.] 
[2023-06-19 11:35:33,936] - [org.springframework.boot.autoconfigure.orm.jpa.JpaBaseConfiguration$JpaWebConfiguration] [openEntityManagerInViewInterceptor] -> (WARN) [spring.jpa.open-in-view is enabled by default. Therefore, database queries may be performed during view rendering. Explicitly configure spring.jpa.open-in-view to disable this warning] 
[2023-06-19 11:35:34,308] - [org.camunda.bpm.spring.boot.starter.webapp.filter.LazyInitRegistration] [lazyInit] -> (INFO) [lazy initialized org.camunda.bpm.spring.boot.starter.webapp.filter.LazySecurityFilter@74d31bb7] 
[2023-06-19 11:35:34,310] - [org.camunda.bpm.spring.boot.starter.webapp.filter.LazyInitRegistration] [lazyInit] -> (INFO) [lazy initialized org.camunda.bpm.spring.boot.starter.webapp.filter.LazyProcessEnginesFilter@57af3097] 
[2023-06-19 11:35:34,501] - [org.springframework.boot.devtools.autoconfigure.OptionalLiveReloadServer] [startServer] -> (INFO) [LiveReload server is running on port 35729] 
[2023-06-19 11:35:34,552] - [org.apache.coyote.http11.Http11NioProtocol] [log] -> (INFO) [Starting ProtocolHandler ["http-nio-9002"]] 
[2023-06-19 11:35:34,608] - [org.springframework.boot.web.embedded.tomcat.TomcatWebServer] [start] -> (INFO) [Tomcat started on port(s): 9002 (http) with context path ''] 
[2023-06-19 11:35:34,653] - [org.camunda.bpm.container] [logInfo] -> (INFO) [ENGINE-08024 Found processes.xml file at file:/D:/Tausif/Desktop/FreshSuperChargers-Aswini-Avula/FreshSuperChargers-Aswini-Avula/target/classes/META-INF/processes.xml] 
[2023-06-19 11:35:34,802] - [org.camunda.bpm.container] [logInfo] -> (INFO) [ENGINE-08023 Deployment summary for process archive 'trainingWorkflowApplication': 

        userform.form
        training-workflow.bpmn
] 
[2023-06-19 11:35:35,034] - [org.camunda.bpm.application] [logInfo] -> (INFO) [ENGINE-07021 ProcessApplication 'trainingWorkflowApplication' registered for DB deployments [fbdfadb9-0e65-11ee-be83-809133675f5b]. Will execute process definitions 

        Decision[version: 1, id: Decision:1:fbfd95fc-0e65-11ee-be83-809133675f5b]
Deployment does not provide any case definitions.] 
[2023-06-19 11:35:35,039] - [org.camunda.bpm.container] [logInfo] -> (INFO) [ENGINE-08050 Process application trainingWorkflowApplication successfully deployed] 
[2023-06-19 11:35:35,048] - [com.hcl.elch.freshersuperchargers.trainingworkflow.TrainingWorkflowApplication] [logStarted] -> (INFO) [Started TrainingWorkflowApplication in 23.197 seconds (JVM running for 209.68)] 
[2023-06-19 11:35:35,060] - [org.springframework.boot.devtools.autoconfigure.ConditionEvaluationDeltaLoggingListener] [onApplicationEvent] -> (INFO) [Condition evaluation unchanged] 
[2023-06-19 11:35:35,062] - [org.camunda.bpm.engine.jobexecutor] [logInfo] -> (INFO) [ENGINE-14014 Starting up the JobExecutor[org.camunda.bpm.engine.spring.components.jobexecutor.SpringJobExecutor].] 
[2023-06-19 11:35:35,069] - [org.camunda.bpm.engine.jobexecutor] [logInfo] -> (INFO) [ENGINE-14018 JobExecutor[org.camunda.bpm.engine.spring.components.jobexecutor.SpringJobExecutor] starting to acquire jobs] 
[2023-06-19 12:15:41,069] - [com.zaxxer.hikari.pool.HikariPool] [run] -> (WARN) [HikariPool-2 - Thread starvation or clock leap detected (housekeeper delta=7m23s677ms497s200ns).] 
[2023-06-19 12:19:56,888] - [org.springframework.boot.admin.SpringApplicationAdminMXBeanRegistrar$SpringApplicationAdmin] [shutdown] -> (INFO) [Application shutdown requested.] 
[2023-06-19 12:19:57,874] - [org.camunda.bpm.container] [logInfo] -> (INFO) [ENGINE-08051 Process application trainingWorkflowApplication undeployed] 
[2023-06-19 12:19:58,107] - [org.apache.coyote.http11.Http11NioProtocol] [log] -> (INFO) [Pausing ProtocolHandler ["http-nio-9002"]] 
[2023-06-19 12:19:58,110] - [org.apache.catalina.core.StandardService] [log] -> (INFO) [Stopping service [Tomcat]] 
[2023-06-19 12:19:58,280] - [org.apache.coyote.http11.Http11NioProtocol] [log] -> (INFO) [Stopping ProtocolHandler ["http-nio-9002"]] 
[2023-06-19 12:19:58,314] - [org.apache.coyote.http11.Http11NioProtocol] [log] -> (INFO) [Destroying ProtocolHandler ["http-nio-9002"]] 
[2023-06-19 12:19:58,558] - [org.camunda.bpm.engine.jobexecutor] [logInfo] -> (INFO) [ENGINE-14015 Shutting down the JobExecutor[org.camunda.bpm.engine.spring.components.jobexecutor.SpringJobExecutor]] 
[2023-06-19 12:19:58,562] - [org.camunda.bpm.engine.jobexecutor] [logInfo] -> (INFO) [ENGINE-14020 JobExecutor[org.camunda.bpm.engine.spring.components.jobexecutor.SpringJobExecutor] stopped job acquisition] 
[2023-06-19 12:19:58,571] - [org.camunda.bpm.engine] [logInfo] -> (INFO) [ENGINE-00007 Process Engine default closed] 
[2023-06-19 12:19:58,581] - [org.springframework.orm.jpa.LocalContainerEntityManagerFactoryBean] [destroy] -> (INFO) [Closing JPA EntityManagerFactory for persistence unit 'default'] 
[2023-06-19 12:19:58,659] - [com.zaxxer.hikari.HikariDataSource] [close] -> (INFO) [HikariPool-2 - Shutdown initiated...] 
[2023-06-19 12:19:58,796] - [com.zaxxer.hikari.HikariDataSource] [close] -> (INFO) [HikariPool-2 - Shutdown completed.] 
[2023-06-19 12:20:35,278] - [org.hibernate.validator.internal.util.Version] [<clinit>] -> (INFO) [HV000001: Hibernate Validator 6.2.5.Final] 
[2023-06-19 12:20:35,417] - [com.hcl.elch.freshersuperchargers.trainingworkflow.TrainingWorkflowApplication] [logStarting] -> (INFO) [Starting TrainingWorkflowApplication using Java 17.0.6 on asusvivobook with PID 6128 (D:\Tausif\Desktop\FreshSuperChargers-Aswini-Avula\FreshSuperChargers-Aswini-Avula\target\classes started by Tausif in D:\Tausif\Desktop\FreshSuperChargers-Aswini-Avula\FreshSuperChargers-Aswini-Avula)] 
[2023-06-19 12:20:35,430] - [com.hcl.elch.freshersuperchargers.trainingworkflow.TrainingWorkflowApplication] [logStartupProfileInfo] -> (INFO) [No active profile set, falling back to 1 default profile: "default"] 
[2023-06-19 12:20:35,595] - [org.springframework.boot.devtools.restart.ChangeableUrls] [logTo] -> (INFO) [The Class-Path manifest attribute in C:\Users\Tausif\.m2\repository\org\glassfish\hk2\hk2\2.6.1\hk2-2.6.1.jar referenced one or more files that do not exist: file:/C:/Users/Tausif/.m2/repository/org/glassfish/hk2/hk2/2.6.1/hk2-utils.jar,file:/C:/Users/Tausif/.m2/repository/org/glassfish/hk2/hk2/2.6.1/jakarta.annotation-api.jar,file:/C:/Users/Tausif/.m2/repository/org/glassfish/hk2/hk2/2.6.1/jakarta.inject.jar,file:/C:/Users/Tausif/.m2/repository/org/glassfish/hk2/hk2/2.6.1/hk2-api.jar,file:/C:/Users/Tausif/.m2/repository/org/glassfish/hk2/hk2/2.6.1/aopalliance-repackaged.jar,file:/C:/Users/Tausif/.m2/repository/org/glassfish/hk2/hk2/2.6.1/hk2-core.jar,file:/C:/Users/Tausif/.m2/repository/org/glassfish/hk2/hk2/2.6.1/hk2-locator.jar,file:/C:/Users/Tausif/.m2/repository/org/glassfish/hk2/hk2/2.6.1/javassist.jar,file:/C:/Users/Tausif/.m2/repository/org/glassfish/hk2/hk2/2.6.1/hk2-runlevel.jar,file:/C:/Users/Tausif/.m2/repository/org/glassfish/hk2/hk2/2.6.1/class-model.jar,file:/C:/Users/Tausif/.m2/repository/org/glassfish/hk2/hk2/2.6.1/asm.jar,file:/C:/Users/Tausif/.m2/repository/org/glassfish/hk2/hk2/2.6.1/asm-analysis.jar,file:/C:/Users/Tausif/.m2/repository/org/glassfish/hk2/hk2/2.6.1/asm-commons.jar,file:/C:/Users/Tausif/.m2/repository/org/glassfish/hk2/hk2/2.6.1/asm-tree.jar,file:/C:/Users/Tausif/.m2/repository/org/glassfish/hk2/hk2/2.6.1/asm-util.jar] 
[2023-06-19 12:20:35,597] - [org.springframework.boot.devtools.env.DevToolsPropertyDefaultsPostProcessor] [logTo] -> (INFO) [Devtools property defaults active! Set 'spring.devtools.add-properties' to 'false' to disable] 
[2023-06-19 12:20:35,597] - [org.springframework.boot.devtools.env.DevToolsPropertyDefaultsPostProcessor] [logTo] -> (INFO) [For additional web related logging consider setting the 'logging.level.web' property to 'DEBUG'] 
[2023-06-19 12:20:38,149] - [org.springframework.data.repository.config.RepositoryConfigurationDelegate] [registerRepositoriesIn] -> (INFO) [Bootstrapping Spring Data JPA repositories in DEFAULT mode.] 
[2023-06-19 12:20:38,318] - [org.springframework.data.repository.config.RepositoryConfigurationDelegate] [registerRepositoriesIn] -> (INFO) [Finished Spring Data repository scanning in 145 ms. Found 5 JPA repository interfaces.] 
[2023-06-19 12:20:43,292] - [org.springframework.boot.web.embedded.tomcat.TomcatWebServer] [initialize] -> (INFO) [Tomcat initialized with port(s): 9002 (http)] 
[2023-06-19 12:20:43,313] - [org.apache.coyote.http11.Http11NioProtocol] [log] -> (INFO) [Initializing ProtocolHandler ["http-nio-9002"]] 
[2023-06-19 12:20:43,314] - [org.apache.catalina.core.StandardService] [log] -> (INFO) [Starting service [Tomcat]] 
[2023-06-19 12:20:43,315] - [org.apache.catalina.core.StandardEngine] [log] -> (INFO) [Starting Servlet engine: [Apache Tomcat/9.0.65]] 
[2023-06-19 12:20:43,681] - [org.apache.catalina.core.ContainerBase.[Tomcat].[localhost].[/]] [log] -> (INFO) [Initializing Spring embedded WebApplicationContext] 
[2023-06-19 12:20:43,682] - [org.springframework.boot.web.servlet.context.ServletWebServerApplicationContext] [prepareWebApplicationContext] -> (INFO) [Root WebApplicationContext: initialization completed in 8082 ms] 
[2023-06-19 12:20:43,802] - [org.camunda.bpm.spring.boot.starter.rest.CamundaJerseyResourceConfig] [registerCamundaRestResources] -> (INFO) [Configuring camunda rest api.] 
[2023-06-19 12:20:43,895] - [org.camunda.bpm.spring.boot.starter.rest.CamundaJerseyResourceConfig] [registerCamundaRestResources] -> (INFO) [Finished configuring camunda rest api.] 
[2023-06-19 12:20:44,892] - [org.hibernate.jpa.internal.util.LogHelper] [logPersistenceUnitInformation] -> (INFO) [HHH000204: Processing PersistenceUnitInfo [name: default]] 
[2023-06-19 12:20:45,903] - [org.hibernate.Version] [logVersion] -> (INFO) [HHH000412: Hibernate ORM core version 5.6.11.Final] 
[2023-06-19 12:20:47,346] - [org.hibernate.annotations.common.Version] [<clinit>] -> (INFO) [HCANN000001: Hibernate Commons Annotations {5.1.2.Final}] 
[2023-06-19 12:20:48,041] - [com.zaxxer.hikari.HikariDataSource] [getConnection] -> (INFO) [HikariPool-1 - Starting...] 
[2023-06-19 12:20:49,580] - [com.zaxxer.hikari.HikariDataSource] [getConnection] -> (INFO) [HikariPool-1 - Start completed.] 
[2023-06-19 12:20:49,632] - [org.hibernate.dialect.Dialect] [<init>] -> (INFO) [HHH000400: Using dialect: org.hibernate.dialect.MySQL5InnoDBDialect] 
[2023-06-19 12:20:52,245] - [org.hibernate.engine.transaction.jta.platform.internal.JtaPlatformInitiator] [initiateService] -> (INFO) [HHH000490: Using JtaPlatform implementation: [org.hibernate.engine.transaction.jta.platform.internal.NoJtaPlatform]] 
[2023-06-19 12:20:52,276] - [org.springframework.orm.jpa.LocalContainerEntityManagerFactoryBean] [buildNativeEntityManagerFactory] -> (INFO) [Initialized JPA EntityManagerFactory for persistence unit 'default'] 
[2023-06-19 12:20:52,467] - [org.camunda.bpm.spring.boot] [logInfo] -> (INFO) [STARTER-SB040 Setting up jobExecutor with corePoolSize=3, maxPoolSize:10] 
[2023-06-19 12:20:52,734] - [org.camunda.bpm.engine.cfg] [logInfo] -> (INFO) [ENGINE-12003 Plugin 'CompositeProcessEnginePlugin[genericPropertiesConfiguration, camundaProcessEngineConfiguration, camundaDatasourceConfiguration, camundaJpaConfiguration, camundaJobConfiguration, camundaHistoryConfiguration, camundaMetricsConfiguration, camundaAuthorizationConfiguration, CreateAdminUserConfiguration[adminUser=AdminUserProperty[id=Test, firstName=Test, lastName=Test, email=Test@localhost, password=******]], failedJobConfiguration, CreateFilterConfiguration[filterName=All tasks], disableDeploymentResourcePattern, eventPublisherPlugin, ApplicationContextClassloaderSwitchPlugin, SpringBootSpinProcessEnginePlugin]' activated on process engine 'default'] 
[2023-06-19 12:20:52,748] - [org.camunda.bpm.spring.boot] [logInfo] -> (INFO) [STARTER-SB020 ProcessApplication enabled: autoDeployment via springConfiguration#deploymentResourcePattern is disabled] 
[2023-06-19 12:20:52,751] - [org.camunda.bpm.spring.boot.starter.event.EventPublisherPlugin] [preInit] -> (INFO) [EVENTING-001: Initialized Camunda Spring Boot Eventing Engine Plugin.] 
[2023-06-19 12:20:52,752] - [org.camunda.bpm.spring.boot.starter.event.EventPublisherPlugin] [preInit] -> (INFO) [EVENTING-003: Task events will be published as Spring Events.] 
[2023-06-19 12:20:52,753] - [org.camunda.bpm.spring.boot.starter.event.EventPublisherPlugin] [preInit] -> (INFO) [EVENTING-005: Execution events will be published as Spring Events.] 
[2023-06-19 12:20:52,758] - [org.camunda.bpm.spring.boot.starter.event.EventPublisherPlugin] [preInit] -> (INFO) [EVENTING-007: History events will be published as Spring events.] 
[2023-06-19 12:20:52,771] - [org.camunda.spin] [logInfo] -> (INFO) [SPIN-01010 Discovered Spin data format provider: org.camunda.spin.impl.json.jackson.format.JacksonJsonDataFormatProvider[name = application/json]] 
[2023-06-19 12:20:53,514] - [org.camunda.spin] [logInfo] -> (INFO) [SPIN-01010 Discovered Spin data format provider: org.camunda.spin.impl.xml.dom.format.DomXmlDataFormatProvider[name = application/xml]] 
[2023-06-19 12:20:53,749] - [org.camunda.spin] [logInfo] -> (INFO) [SPIN-01009 Discovered Spin data format: org.camunda.spin.impl.xml.dom.format.DomXmlDataFormat[name = application/xml]] 
[2023-06-19 12:20:53,749] - [org.camunda.spin] [logInfo] -> (INFO) [SPIN-01009 Discovered Spin data format: org.camunda.spin.impl.json.jackson.format.JacksonJsonDataFormat[name = application/json]] 
[2023-06-19 12:20:54,336] - [org.camunda.bpm.dmn.feel.scala] [logInfo] -> (INFO) [FEEL/SCALA-01001 Spin value mapper detected] 
[2023-06-19 12:20:54,582] - [org.camunda.feel.FeelEngine] [<init>] -> (INFO) [Engine created. [value-mapper: CompositeValueMapper(List(org.camunda.feel.impl.JavaValueMapper@41a7d42d, org.camunda.spin.plugin.impl.feel.integration.SpinValueMapper@7670dfd6)), function-provider: org.camunda.bpm.dmn.feel.impl.scala.function.CustomFunctionTransformer@11bb206e, clock: SystemClock, configuration: Configuration(false)]] 
[2023-06-19 12:21:24,373] - [org.camunda.bpm.connect] [logInfo] -> (INFO) [CNCT-01004 Discovered provider for connector id 'http-connector' and class 'org.camunda.connect.httpclient.impl.HttpConnectorImpl': 'org.camunda.connect.httpclient.impl.HttpConnectorProviderImpl'] 
[2023-06-19 12:21:24,426] - [org.camunda.bpm.connect] [logInfo] -> (INFO) [CNCT-01004 Discovered provider for connector id 'soap-http-connector' and class 'org.camunda.connect.httpclient.soap.impl.SoapHttpConnectorImpl': 'org.camunda.connect.httpclient.soap.impl.SoapHttpConnectorProviderImpl'] 
[2023-06-19 12:21:26,202] - [org.camunda.bpm.engine] [logInfo] -> (INFO) [ENGINE-00001 Process Engine default created.] 
[2023-06-19 12:21:26,371] - [org.camunda.bpm.spring.boot] [logInfo] -> (INFO) [STARTER-SB011 Skip creating initial Admin User, user does exist: UserEntity[id=Test, revision=1, firstName=Test, lastName=Test, email=Test@localhost, password={SHA-512}kLjUzqdFcO3pS8+Berl04OxmO/02zg2UpnhoQmtdbJGlx4Jn2I8UGLDWv1MF5+d0Rn7yYLhkXYT3a/kPdiDYUA==, salt=ZqcChQ10a+gT/ZgTPtdRLQ==, lockExpirationTime=null, attempts=0]] 
[2023-06-19 12:21:26,393] - [org.camunda.bpm.spring.boot] [logInfo] -> (INFO) [STARTER-SB016 Skip initial filter creation, the filter with this name already exists: All tasks] 
[2023-06-19 12:21:27,555] - [org.drools.compiler.kie.builder.impl.KieBuilderImpl] [packageNameForFile] -> (WARN) [File 'rules/tasks.drl' is in folder 'rules' but declares package 'com.foobat'. It is advised to have a correspondance between package and folder names.] 
[2023-06-19 12:21:35,150] - [org.springframework.boot.autoconfigure.orm.jpa.JpaBaseConfiguration$JpaWebConfiguration] [openEntityManagerInViewInterceptor] -> (WARN) [spring.jpa.open-in-view is enabled by default. Therefore, database queries may be performed during view rendering. Explicitly configure spring.jpa.open-in-view to disable this warning] 
[2023-06-19 12:21:40,902] - [org.camunda.bpm.spring.boot.starter.webapp.filter.LazyInitRegistration] [lazyInit] -> (INFO) [lazy initialized org.camunda.bpm.spring.boot.starter.webapp.filter.LazyProcessEnginesFilter@36e61860] 
[2023-06-19 12:21:41,518] - [org.camunda.bpm.spring.boot.starter.webapp.filter.LazyInitRegistration] [lazyInit] -> (INFO) [lazy initialized org.camunda.bpm.spring.boot.starter.webapp.filter.LazySecurityFilter@620eda37] 
[2023-06-19 12:21:43,476] - [org.springframework.boot.devtools.autoconfigure.OptionalLiveReloadServer] [startServer] -> (INFO) [LiveReload server is running on port 35729] 
[2023-06-19 12:21:44,414] - [org.apache.coyote.http11.Http11NioProtocol] [log] -> (INFO) [Starting ProtocolHandler ["http-nio-9002"]] 
[2023-06-19 12:21:44,811] - [org.springframework.boot.web.embedded.tomcat.TomcatWebServer] [start] -> (INFO) [Tomcat started on port(s): 9002 (http) with context path ''] 
[2023-06-19 12:21:45,140] - [org.camunda.bpm.container] [logInfo] -> (INFO) [ENGINE-08024 Found processes.xml file at file:/D:/Tausif/Desktop/FreshSuperChargers-Aswini-Avula/FreshSuperChargers-Aswini-Avula/target/classes/META-INF/processes.xml] 
[2023-06-19 12:21:45,641] - [org.camunda.bpm.container] [logInfo] -> (INFO) [ENGINE-08023 Deployment summary for process archive 'trainingWorkflowApplication': 

        userform.form
        training-workflow.bpmn
] 
[2023-06-19 12:21:49,027] - [org.camunda.bpm.application] [logInfo] -> (INFO) [ENGINE-07021 ProcessApplication 'trainingWorkflowApplication' registered for DB deployments [fbdfadb9-0e65-11ee-be83-809133675f5b]. Will execute process definitions 

        Decision[version: 1, id: Decision:1:fbfd95fc-0e65-11ee-be83-809133675f5b]
Deployment does not provide any case definitions.] 
[2023-06-19 12:21:49,053] - [org.camunda.bpm.container] [logInfo] -> (INFO) [ENGINE-08050 Process application trainingWorkflowApplication successfully deployed] 
[2023-06-19 12:21:50,000] - [com.hcl.elch.freshersuperchargers.trainingworkflow.TrainingWorkflowApplication] [logStarted] -> (INFO) [Started TrainingWorkflowApplication in 75.63 seconds (JVM running for 79.608)] 
[2023-06-19 12:21:50,033] - [org.camunda.bpm.engine.jobexecutor] [logInfo] -> (INFO) [ENGINE-14014 Starting up the JobExecutor[org.camunda.bpm.engine.spring.components.jobexecutor.SpringJobExecutor].] 
[2023-06-19 12:21:50,216] - [org.camunda.bpm.engine.jobexecutor] [logInfo] -> (INFO) [ENGINE-14018 JobExecutor[org.camunda.bpm.engine.spring.components.jobexecutor.SpringJobExecutor] starting to acquire jobs] 
[2023-06-19 12:22:02,550] - [org.springframework.boot.devtools.autoconfigure.LocalDevToolsAutoConfiguration$RestartingClassPathChangeChangedEventListener] [onApplicationEvent] -> (INFO) [Restarting due to 24 class path changes (0 additions, 0 deletions, 24 modifications)] 
[2023-06-19 12:22:03,553] - [org.camunda.bpm.container] [logInfo] -> (INFO) [ENGINE-08051 Process application trainingWorkflowApplication undeployed] 
[2023-06-19 12:22:03,645] - [org.apache.coyote.http11.Http11NioProtocol] [log] -> (INFO) [Pausing ProtocolHandler ["http-nio-9002"]] 
[2023-06-19 12:22:03,646] - [org.apache.catalina.core.StandardService] [log] -> (INFO) [Stopping service [Tomcat]] 
[2023-06-19 12:22:03,683] - [org.apache.coyote.http11.Http11NioProtocol] [log] -> (INFO) [Stopping ProtocolHandler ["http-nio-9002"]] 
[2023-06-19 12:22:03,696] - [org.apache.coyote.http11.Http11NioProtocol] [log] -> (INFO) [Destroying ProtocolHandler ["http-nio-9002"]] 
[2023-06-19 12:22:03,834] - [org.camunda.bpm.engine.jobexecutor] [logInfo] -> (INFO) [ENGINE-14015 Shutting down the JobExecutor[org.camunda.bpm.engine.spring.components.jobexecutor.SpringJobExecutor]] 
[2023-06-19 12:22:03,835] - [org.camunda.bpm.engine.jobexecutor] [logInfo] -> (INFO) [ENGINE-14020 JobExecutor[org.camunda.bpm.engine.spring.components.jobexecutor.SpringJobExecutor] stopped job acquisition] 
[2023-06-19 12:22:03,844] - [org.camunda.bpm.engine] [logInfo] -> (INFO) [ENGINE-00007 Process Engine default closed] 
[2023-06-19 12:22:03,845] - [org.springframework.orm.jpa.LocalContainerEntityManagerFactoryBean] [destroy] -> (INFO) [Closing JPA EntityManagerFactory for persistence unit 'default'] 
[2023-06-19 12:22:03,876] - [com.zaxxer.hikari.HikariDataSource] [close] -> (INFO) [HikariPool-1 - Shutdown initiated...] 
[2023-06-19 12:22:04,031] - [com.zaxxer.hikari.HikariDataSource] [close] -> (INFO) [HikariPool-1 - Shutdown completed.] 
[2023-06-19 12:22:07,017] - [com.hcl.elch.freshersuperchargers.trainingworkflow.TrainingWorkflowApplication] [logStarting] -> (INFO) [Starting TrainingWorkflowApplication using Java 17.0.6 on asusvivobook with PID 6128 (D:\Tausif\Desktop\FreshSuperChargers-Aswini-Avula\FreshSuperChargers-Aswini-Avula\target\classes started by Tausif in D:\Tausif\Desktop\FreshSuperChargers-Aswini-Avula\FreshSuperChargers-Aswini-Avula)] 
[2023-06-19 12:22:07,020] - [com.hcl.elch.freshersuperchargers.trainingworkflow.TrainingWorkflowApplication] [logStartupProfileInfo] -> (INFO) [No active profile set, falling back to 1 default profile: "default"] 
[2023-06-19 12:22:10,769] - [org.springframework.data.repository.config.RepositoryConfigurationDelegate] [registerRepositoriesIn] -> (INFO) [Bootstrapping Spring Data JPA repositories in DEFAULT mode.] 
[2023-06-19 12:22:10,938] - [org.springframework.data.repository.config.RepositoryConfigurationDelegate] [registerRepositoriesIn] -> (INFO) [Finished Spring Data repository scanning in 167 ms. Found 5 JPA repository interfaces.] 
[2023-06-19 12:22:12,214] - [org.springframework.boot.web.embedded.tomcat.TomcatWebServer] [initialize] -> (INFO) [Tomcat initialized with port(s): 9002 (http)] 
[2023-06-19 12:22:12,218] - [org.apache.coyote.http11.Http11NioProtocol] [log] -> (INFO) [Initializing ProtocolHandler ["http-nio-9002"]] 
[2023-06-19 12:22:12,219] - [org.apache.catalina.core.StandardService] [log] -> (INFO) [Starting service [Tomcat]] 
[2023-06-19 12:22:12,220] - [org.apache.catalina.core.StandardEngine] [log] -> (INFO) [Starting Servlet engine: [Apache Tomcat/9.0.65]] 
[2023-06-19 12:22:12,534] - [org.apache.catalina.core.ContainerBase.[Tomcat].[localhost].[/]] [log] -> (INFO) [Initializing Spring embedded WebApplicationContext] 
[2023-06-19 12:22:12,536] - [org.springframework.boot.web.servlet.context.ServletWebServerApplicationContext] [prepareWebApplicationContext] -> (INFO) [Root WebApplicationContext: initialization completed in 5454 ms] 
[2023-06-19 12:22:12,687] - [org.camunda.bpm.spring.boot.starter.rest.CamundaJerseyResourceConfig] [registerCamundaRestResources] -> (INFO) [Configuring camunda rest api.] 
[2023-06-19 12:22:12,692] - [org.camunda.bpm.spring.boot.starter.rest.CamundaJerseyResourceConfig] [registerCamundaRestResources] -> (INFO) [Finished configuring camunda rest api.] 
[2023-06-19 12:22:13,396] - [org.hibernate.jpa.internal.util.LogHelper] [logPersistenceUnitInformation] -> (INFO) [HHH000204: Processing PersistenceUnitInfo [name: default]] 
[2023-06-19 12:22:13,494] - [com.zaxxer.hikari.HikariDataSource] [getConnection] -> (INFO) [HikariPool-2 - Starting...] 
[2023-06-19 12:22:13,668] - [com.zaxxer.hikari.HikariDataSource] [getConnection] -> (INFO) [HikariPool-2 - Start completed.] 
[2023-06-19 12:22:13,671] - [org.hibernate.dialect.Dialect] [<init>] -> (INFO) [HHH000400: Using dialect: org.hibernate.dialect.MySQL5InnoDBDialect] 
[2023-06-19 12:22:16,079] - [org.hibernate.engine.transaction.jta.platform.internal.JtaPlatformInitiator] [initiateService] -> (INFO) [HHH000490: Using JtaPlatform implementation: [org.hibernate.engine.transaction.jta.platform.internal.NoJtaPlatform]] 
[2023-06-19 12:22:16,080] - [org.springframework.orm.jpa.LocalContainerEntityManagerFactoryBean] [buildNativeEntityManagerFactory] -> (INFO) [Initialized JPA EntityManagerFactory for persistence unit 'default'] 
[2023-06-19 12:22:16,212] - [org.camunda.bpm.spring.boot] [logInfo] -> (INFO) [STARTER-SB040 Setting up jobExecutor with corePoolSize=3, maxPoolSize:10] 
[2023-06-19 12:22:16,564] - [org.camunda.bpm.engine.cfg] [logInfo] -> (INFO) [ENGINE-12003 Plugin 'CompositeProcessEnginePlugin[genericPropertiesConfiguration, camundaProcessEngineConfiguration, camundaDatasourceConfiguration, camundaJpaConfiguration, camundaJobConfiguration, camundaHistoryConfiguration, camundaMetricsConfiguration, camundaAuthorizationConfiguration, CreateAdminUserConfiguration[adminUser=AdminUserProperty[id=Test, firstName=Test, lastName=Test, email=Test@localhost, password=******]], failedJobConfiguration, CreateFilterConfiguration[filterName=All tasks], disableDeploymentResourcePattern, eventPublisherPlugin, ApplicationContextClassloaderSwitchPlugin, SpringBootSpinProcessEnginePlugin]' activated on process engine 'default'] 
[2023-06-19 12:22:16,566] - [org.camunda.bpm.spring.boot] [logInfo] -> (INFO) [STARTER-SB020 ProcessApplication enabled: autoDeployment via springConfiguration#deploymentResourcePattern is disabled] 
[2023-06-19 12:22:16,567] - [org.camunda.bpm.spring.boot.starter.event.EventPublisherPlugin] [preInit] -> (INFO) [EVENTING-001: Initialized Camunda Spring Boot Eventing Engine Plugin.] 
[2023-06-19 12:22:16,568] - [org.camunda.bpm.spring.boot.starter.event.EventPublisherPlugin] [preInit] -> (INFO) [EVENTING-003: Task events will be published as Spring Events.] 
[2023-06-19 12:22:16,569] - [org.camunda.bpm.spring.boot.starter.event.EventPublisherPlugin] [preInit] -> (INFO) [EVENTING-005: Execution events will be published as Spring Events.] 
[2023-06-19 12:22:16,570] - [org.camunda.bpm.spring.boot.starter.event.EventPublisherPlugin] [preInit] -> (INFO) [EVENTING-007: History events will be published as Spring events.] 
[2023-06-19 12:22:16,571] - [org.camunda.spin] [logInfo] -> (INFO) [SPIN-01010 Discovered Spin data format provider: org.camunda.spin.impl.json.jackson.format.JacksonJsonDataFormatProvider[name = application/json]] 
[2023-06-19 12:22:16,647] - [org.camunda.spin] [logInfo] -> (INFO) [SPIN-01010 Discovered Spin data format provider: org.camunda.spin.impl.xml.dom.format.DomXmlDataFormatProvider[name = application/xml]] 
[2023-06-19 12:22:16,803] - [org.camunda.spin] [logInfo] -> (INFO) [SPIN-01009 Discovered Spin data format: org.camunda.spin.impl.xml.dom.format.DomXmlDataFormat[name = application/xml]] 
[2023-06-19 12:22:16,808] - [org.camunda.spin] [logInfo] -> (INFO) [SPIN-01009 Discovered Spin data format: org.camunda.spin.impl.json.jackson.format.JacksonJsonDataFormat[name = application/json]] 
[2023-06-19 12:22:16,932] - [org.camunda.bpm.dmn.feel.scala] [logInfo] -> (INFO) [FEEL/SCALA-01001 Spin value mapper detected] 
[2023-06-19 12:22:16,942] - [org.camunda.feel.FeelEngine] [<init>] -> (INFO) [Engine created. [value-mapper: CompositeValueMapper(List(org.camunda.feel.impl.JavaValueMapper@5effba42, org.camunda.spin.plugin.impl.feel.integration.SpinValueMapper@312e5085)), function-provider: org.camunda.bpm.dmn.feel.impl.scala.function.CustomFunctionTransformer@2684aedf, clock: SystemClock, configuration: Configuration(false)]] 
[2023-06-19 12:22:44,864] - [org.camunda.bpm.engine] [logInfo] -> (INFO) [ENGINE-00001 Process Engine default created.] 
[2023-06-19 12:22:45,234] - [org.camunda.bpm.spring.boot] [logInfo] -> (INFO) [STARTER-SB011 Skip creating initial Admin User, user does exist: UserEntity[id=Test, revision=1, firstName=Test, lastName=Test, email=Test@localhost, password={SHA-512}kLjUzqdFcO3pS8+Berl04OxmO/02zg2UpnhoQmtdbJGlx4Jn2I8UGLDWv1MF5+d0Rn7yYLhkXYT3a/kPdiDYUA==, salt=ZqcChQ10a+gT/ZgTPtdRLQ==, lockExpirationTime=null, attempts=0]] 
[2023-06-19 12:22:45,287] - [org.camunda.bpm.spring.boot] [logInfo] -> (INFO) [STARTER-SB016 Skip initial filter creation, the filter with this name already exists: All tasks] 
[2023-06-19 12:22:45,857] - [org.drools.compiler.kie.builder.impl.KieBuilderImpl] [packageNameForFile] -> (WARN) [File 'rules/tasks.drl' is in folder 'rules' but declares package 'com.foobat'. It is advised to have a correspondance between package and folder names.] 
[2023-06-19 12:22:48,667] - [org.springframework.boot.autoconfigure.orm.jpa.JpaBaseConfiguration$JpaWebConfiguration] [openEntityManagerInViewInterceptor] -> (WARN) [spring.jpa.open-in-view is enabled by default. Therefore, database queries may be performed during view rendering. Explicitly configure spring.jpa.open-in-view to disable this warning] 
[2023-06-19 12:22:50,748] - [org.camunda.bpm.spring.boot.starter.webapp.filter.LazyInitRegistration] [lazyInit] -> (INFO) [lazy initialized org.camunda.bpm.spring.boot.starter.webapp.filter.LazySecurityFilter@8696912] 
[2023-06-19 12:22:50,751] - [org.camunda.bpm.spring.boot.starter.webapp.filter.LazyInitRegistration] [lazyInit] -> (INFO) [lazy initialized org.camunda.bpm.spring.boot.starter.webapp.filter.LazyProcessEnginesFilter@3b685325] 
[2023-06-19 12:22:51,750] - [org.springframework.boot.devtools.autoconfigure.OptionalLiveReloadServer] [startServer] -> (INFO) [LiveReload server is running on port 35729] 
[2023-06-19 12:22:51,853] - [org.apache.coyote.http11.Http11NioProtocol] [log] -> (INFO) [Starting ProtocolHandler ["http-nio-9002"]] 
[2023-06-19 12:22:51,922] - [org.springframework.boot.web.embedded.tomcat.TomcatWebServer] [start] -> (INFO) [Tomcat started on port(s): 9002 (http) with context path ''] 
[2023-06-19 12:22:52,047] - [org.camunda.bpm.container] [logInfo] -> (INFO) [ENGINE-08024 Found processes.xml file at file:/D:/Tausif/Desktop/FreshSuperChargers-Aswini-Avula/FreshSuperChargers-Aswini-Avula/target/classes/META-INF/processes.xml] 
[2023-06-19 12:22:52,186] - [org.camunda.bpm.container] [logInfo] -> (INFO) [ENGINE-08023 Deployment summary for process archive 'trainingWorkflowApplication': 

        userform.form
        training-workflow.bpmn
] 
[2023-06-19 12:22:52,361] - [org.camunda.bpm.application] [logInfo] -> (INFO) [ENGINE-07021 ProcessApplication 'trainingWorkflowApplication' registered for DB deployments [fbdfadb9-0e65-11ee-be83-809133675f5b]. Will execute process definitions 

        Decision[version: 1, id: Decision:1:fbfd95fc-0e65-11ee-be83-809133675f5b]
Deployment does not provide any case definitions.] 
[2023-06-19 12:22:52,365] - [org.camunda.bpm.container] [logInfo] -> (INFO) [ENGINE-08050 Process application trainingWorkflowApplication successfully deployed] 
[2023-06-19 12:22:52,372] - [com.hcl.elch.freshersuperchargers.trainingworkflow.TrainingWorkflowApplication] [logStarted] -> (INFO) [Started TrainingWorkflowApplication in 46.125 seconds (JVM running for 142.032)] 
[2023-06-19 12:22:52,385] - [org.springframework.boot.devtools.autoconfigure.ConditionEvaluationDeltaLoggingListener] [onApplicationEvent] -> (INFO) [Condition evaluation unchanged] 
[2023-06-19 12:22:52,387] - [org.camunda.bpm.engine.jobexecutor] [logInfo] -> (INFO) [ENGINE-14014 Starting up the JobExecutor[org.camunda.bpm.engine.spring.components.jobexecutor.SpringJobExecutor].] 
[2023-06-19 12:22:52,410] - [org.camunda.bpm.engine.jobexecutor] [logInfo] -> (INFO) [ENGINE-14018 JobExecutor[org.camunda.bpm.engine.spring.components.jobexecutor.SpringJobExecutor] starting to acquire jobs] 
[2023-06-19 12:28:28,514] - [org.springframework.boot.devtools.autoconfigure.LocalDevToolsAutoConfiguration$RestartingClassPathChangeChangedEventListener] [onApplicationEvent] -> (INFO) [Restarting due to 32 class path changes (0 additions, 32 deletions, 0 modifications)] 
[2023-06-19 12:28:30,295] - [org.camunda.bpm.container] [logInfo] -> (INFO) [ENGINE-08051 Process application trainingWorkflowApplication undeployed] 
[2023-06-19 12:28:30,597] - [org.apache.coyote.http11.Http11NioProtocol] [log] -> (INFO) [Pausing ProtocolHandler ["http-nio-9002"]] 
[2023-06-19 12:28:30,600] - [org.apache.catalina.core.StandardService] [log] -> (INFO) [Stopping service [Tomcat]] 
[2023-06-19 12:28:30,777] - [org.apache.coyote.http11.Http11NioProtocol] [log] -> (INFO) [Stopping ProtocolHandler ["http-nio-9002"]] 
[2023-06-19 12:28:30,815] - [org.apache.coyote.http11.Http11NioProtocol] [log] -> (INFO) [Destroying ProtocolHandler ["http-nio-9002"]] 
[2023-06-19 12:28:31,163] - [org.camunda.bpm.engine.jobexecutor] [logInfo] -> (INFO) [ENGINE-14015 Shutting down the JobExecutor[org.camunda.bpm.engine.spring.components.jobexecutor.SpringJobExecutor]] 
[2023-06-19 12:28:31,167] - [org.camunda.bpm.engine.jobexecutor] [logInfo] -> (INFO) [ENGINE-14020 JobExecutor[org.camunda.bpm.engine.spring.components.jobexecutor.SpringJobExecutor] stopped job acquisition] 
[2023-06-19 12:28:31,177] - [org.camunda.bpm.engine] [logInfo] -> (INFO) [ENGINE-00007 Process Engine default closed] 
[2023-06-19 12:28:31,185] - [org.springframework.orm.jpa.LocalContainerEntityManagerFactoryBean] [destroy] -> (INFO) [Closing JPA EntityManagerFactory for persistence unit 'default'] 
[2023-06-19 12:28:31,249] - [com.zaxxer.hikari.HikariDataSource] [close] -> (INFO) [HikariPool-2 - Shutdown initiated...] 
[2023-06-19 12:28:31,357] - [com.zaxxer.hikari.HikariDataSource] [close] -> (INFO) [HikariPool-2 - Shutdown completed.] 
